Build started 11/4/2013 4:04:44 PM.
     1>Project "K:\KL\klImaging\ipp-UIC.7.1.1.013\__cmake\uic.intel64.vc2010.s.mt\ZERO_CHECK.vcxproj" on node 2 (build target(s)).
     1>InitializeBuildStatus:
         Creating "x64\debug\ZERO_CHECK\ZERO_CHECK.unsuccessfulbuild" because "AlwaysCreate" was specified.
       CustomBuild:
         Checking Build System
         CMake does not need to re-run because K:/KL/klImaging/ipp-UIC.7.1.1.013/__cmake/uic.intel64.vc2010.s.mt/CMakeFiles/generate.stamp is up-to-date.
         CMake does not need to re-run because K:/KL/klImaging/ipp-UIC.7.1.1.013/__cmake/uic.intel64.vc2010.s.mt/application/picnic/CMakeFiles/generate.stamp is up-to-date.
         CMake does not need to re-run because K:/KL/klImaging/ipp-UIC.7.1.1.013/__cmake/uic.intel64.vc2010.s.mt/application/uic_transcoder_con/CMakeFiles/generate.stamp is up-to-date.
         CMake does not need to re-run because K:/KL/klImaging/ipp-UIC.7.1.1.013/__cmake/uic.intel64.vc2010.s.mt/codec/image/bmp/common/CMakeFiles/generate.stamp is up-to-date.
         CMake does not need to re-run because K:/KL/klImaging/ipp-UIC.7.1.1.013/__cmake/uic.intel64.vc2010.s.mt/codec/image/bmp/dec/CMakeFiles/generate.stamp is up-to-date.
         CMake does not need to re-run because K:/KL/klImaging/ipp-UIC.7.1.1.013/__cmake/uic.intel64.vc2010.s.mt/codec/image/bmp/enc/CMakeFiles/generate.stamp is up-to-date.
         CMake does not need to re-run because K:/KL/klImaging/ipp-UIC.7.1.1.013/__cmake/uic.intel64.vc2010.s.mt/codec/image/jpeg/common/CMakeFiles/generate.stamp is up-to-date.
         CMake does not need to re-run because K:/KL/klImaging/ipp-UIC.7.1.1.013/__cmake/uic.intel64.vc2010.s.mt/codec/image/jpeg/dec/CMakeFiles/generate.stamp is up-to-date.
         CMake does not need to re-run because K:/KL/klImaging/ipp-UIC.7.1.1.013/__cmake/uic.intel64.vc2010.s.mt/codec/image/jpeg/enc/CMakeFiles/generate.stamp is up-to-date.
         CMake does not need to re-run because K:/KL/klImaging/ipp-UIC.7.1.1.013/__cmake/uic.intel64.vc2010.s.mt/codec/image/jpeg2000/common/CMakeFiles/generate.stamp is up-to-date.
         CMake does not need to re-run because K:/KL/klImaging/ipp-UIC.7.1.1.013/__cmake/uic.intel64.vc2010.s.mt/codec/image/jpeg2000/dec/CMakeFiles/generate.stamp is up-to-date.
         CMake does not need to re-run because K:/KL/klImaging/ipp-UIC.7.1.1.013/__cmake/uic.intel64.vc2010.s.mt/codec/image/jpeg2000/enc/CMakeFiles/generate.stamp is up-to-date.
         CMake does not need to re-run because K:/KL/klImaging/ipp-UIC.7.1.1.013/__cmake/uic.intel64.vc2010.s.mt/codec/image/jpegxr/common/CMakeFiles/generate.stamp is up-to-date.
         CMake does not need to re-run because K:/KL/klImaging/ipp-UIC.7.1.1.013/__cmake/uic.intel64.vc2010.s.mt/codec/image/jpegxr/dec/CMakeFiles/generate.stamp is up-to-date.
         CMake does not need to re-run because K:/KL/klImaging/ipp-UIC.7.1.1.013/__cmake/uic.intel64.vc2010.s.mt/codec/image/jpegxr/enc/CMakeFiles/generate.stamp is up-to-date.
         CMake does not need to re-run because K:/KL/klImaging/ipp-UIC.7.1.1.013/__cmake/uic.intel64.vc2010.s.mt/codec/image/png/common/CMakeFiles/generate.stamp is up-to-date.
         CMake does not need to re-run because K:/KL/klImaging/ipp-UIC.7.1.1.013/__cmake/uic.intel64.vc2010.s.mt/codec/image/png/dec/CMakeFiles/generate.stamp is up-to-date.
         CMake does not need to re-run because K:/KL/klImaging/ipp-UIC.7.1.1.013/__cmake/uic.intel64.vc2010.s.mt/codec/image/png/enc/CMakeFiles/generate.stamp is up-to-date.
         CMake does not need to re-run because K:/KL/klImaging/ipp-UIC.7.1.1.013/__cmake/uic.intel64.vc2010.s.mt/codec/image/zlib/CMakeFiles/generate.stamp is up-to-date.
         CMake does not need to re-run because K:/KL/klImaging/ipp-UIC.7.1.1.013/__cmake/uic.intel64.vc2010.s.mt/core/uic/CMakeFiles/generate.stamp is up-to-date.
         CMake does not need to re-run because K:/KL/klImaging/ipp-UIC.7.1.1.013/__cmake/uic.intel64.vc2010.s.mt/io/uic_io/CMakeFiles/generate.stamp is up-to-date.
       FinalizeBuildStatus:
         Deleting file "x64\debug\ZERO_CHECK\ZERO_CHECK.unsuccessfulbuild".
         Touching "x64\debug\ZERO_CHECK\ZERO_CHECK.lastbuildstate".
     1>Done Building Project "K:\KL\klImaging\ipp-UIC.7.1.1.013\__cmake\uic.intel64.vc2010.s.mt\ZERO_CHECK.vcxproj" (build target(s)).

Build succeeded.

Time Elapsed 00:00:00.23
