D:\KLIMAGECORE\KLIMAGECOREV\X64\RELEASE\.NETFRAMEWORK,VERSION=V4.0.ASSEMBLYATTRIBUTES.OBJ
D:\KLIMAGECORE\KLIMAGECOREV\X64\RELEASE\APP.RES
D:\KLIMAGECORE\KLIMAGECOREV\X64\RELEASE\ASSEMBLYINFO.OBJ
D:\klImageCore\klImageCoreV\x64\Release\cl.command.1.tlog
D:\klImageCore\klImageCoreV\x64\Release\CL.read.1.tlog
D:\klImageCore\klImageCoreV\x64\Release\CL.write.1.tlog
D:\KLIMAGECORE\KLIMAGECOREV\X64\RELEASE\KL_IMAGE_IO.OBJ
D:\KLIMAGECORE\KLIMAGECOREV\X64\RELEASE\KL_IMAGE_PROCESSING_FUNCTORS.OBJ
D:\KLIMAGECORE\KLIMAGECOREV\X64\RELEASE\KL_JPEG_IMAGE_IO.OBJ
D:\KLIMAGECORE\KLIMAGECOREV\X64\RELEASE\KL_PPM_IMAGE_IO.OBJ
D:\KLIMAGECORE\KLIMAGECOREV\X64\RELEASE\KL_TIFF_IMAGE_IO.OBJ
D:\KLIMAGECORE\KLIMAGECOREV\X64\RELEASE\KLBIGGTIFFSUBDIRFNS.OBJ
D:\KLIMAGECORE\KLIMAGECOREV\X64\RELEASE\KLBIGTIFFFILEMANAGER.OBJ
D:\KLIMAGECORE\KLIMAGECOREV\X64\RELEASE\KLBIGTIFFMANAGEDREADER.OBJ
D:\klImageCore\klImageCoreV\x64\Release\klImageCoreV.vcxprojResolveAssemblyReference.cache
D:\klImageCore\klImageCoreV\x64\Release\klImageCoreV.write.1.tlog
D:\KLIMAGECORE\KLIMAGECOREV\X64\RELEASE\KLPERFORMANCECOUNTER.OBJ
D:\KLIMAGECORE\KLIMAGECOREV\X64\RELEASE\KLPROCESSIMAGE.OBJ
D:\klImageCore\klImageCoreV\x64\Release\link.command.1.tlog
D:\klImageCore\klImageCoreV\x64\Release\link.read.1.tlog
D:\klImageCore\klImageCoreV\x64\Release\link.write.1.tlog
D:\klImageCore\klImageCoreV\x64\Release\LOG4NET.DLL.metagen
D:\klImageCore\klImageCoreV\x64\Release\metagen.read.1.tlog
D:\KLIMAGECORE\KLIMAGECOREV\X64\RELEASE\METAGEN.WRITE.1.TLOG
D:\klImageCore\klImageCoreV\x64\Release\rc.command.1.tlog
D:\klImageCore\klImageCoreV\x64\Release\rc.read.1.tlog
D:\klImageCore\klImageCoreV\x64\Release\rc.write.1.tlog
D:\klImageCore\klImageCoreV\x64\Release\ResolveAssemblyReference.cache
D:\klImageCore\klImageCoreV\x64\Release\RSAENH.DLL.bi
D:\klImageCore\klImageCoreV\x64\Release\TZRES.DLL.bi
D:\KLIMAGECORE\KLIMAGECOREV\X64\RELEASE\VC100.PDB
D:\x64\Release\log4net.dll
D:\x64\Release\log4net.xml
