Build started 11/4/2013 4:04:45 PM.
     1>Project "K:\KL\klImaging\ipp-UIC.7.1.1.013\__cmake\uic.intel64.vc2010.s.mt\codec\image\jpeg2000\enc\jpeg2000_enc.vcxproj" on node 13 (build target(s)).
     1>InitializeBuildStatus:
         Creating "jpeg2000_enc.dir\debug\jpeg2000_enc.unsuccessfulbuild" because "AlwaysCreate" was specified.
       CustomBuild:
         Building Custom Rule K:/KL/klImaging/ipp-UIC.7.1.1.013/sources/uic/codec/image/jpeg2000/enc/CMakeLists.txt
         CMake does not need to re-run because K:\KL\klImaging\ipp-UIC.7.1.1.013\__cmake\uic.intel64.vc2010.s.mt\codec\image\jpeg2000\enc\CMakeFiles\generate.stamp is up-to-date.
       MakeDirsForCl:
         Creating directory "K:\KL\klImaging\ipp-UIC.7.1.1.013\__cmake\uic.intel64.vc2010.s.mt\codec\image\jpeg2000\enc\debug".
       ClCompile:
         k:\Program Files (x86)\Microsoft Visual Studio 10.0\VC\bin\x86_amd64\CL.exe /c /I"C:/Program Files (x86)/Intel/Composer XE 2011 SP1/ipp/include" /I"K:/KL/klImaging/ipp-UIC.7.1.1.013/sources/uic/codec/image/jpeg2000/common/src" /I"K:/KL/klImaging/ipp-UIC.7.1.1.013/sources/uic/codec/image/jpeg2000/common/src/codestream" /I"K:/KL/klImaging/ipp-UIC.7.1.1.013/sources/uic/codec/image/jpeg2000/common/src/codestream/common" /I"K:/KL/klImaging/ipp-UIC.7.1.1.013/sources/uic/codec/image/jpeg2000/common/src/codestream/ebcot" /I"K:/KL/klImaging/ipp-UIC.7.1.1.013/sources/uic/codec/image/jpeg2000/common/src/codestream/mainheader" /I"K:/KL/klImaging/ipp-UIC.7.1.1.013/sources/uic/codec/image/jpeg2000/common/src/codestream/marker" /I"K:/KL/klImaging/ipp-UIC.7.1.1.013/sources/uic/codec/image/jpeg2000/common/src/codestream/packetheader" /I"K:/KL/klImaging/ipp-UIC.7.1.1.013/sources/uic/codec/image/jpeg2000/common/src/codestream/quant" /I"K:/KL/klImaging/ipp-UIC.7.1.1.013/sources/uic/codec/image/jpeg2000/common/src/codestream/tile" /I"K:/KL/klImaging/ipp-UIC.7.1.1.013/sources/uic/codec/image/jpeg2000/common/src/codestream/wavelet" /I"K:/KL/klImaging/ipp-UIC.7.1.1.013/sources/uic/codec/image/jpeg2000/common/src/common" /I"K:/KL/klImaging/ipp-UIC.7.1.1.013/sources/uic/codec/image/jpeg2000/common/src/common/container" /I"K:/KL/klImaging/ipp-UIC.7.1.1.013/sources/uic/codec/image/jpeg2000/common/src/common/geometry" /I"K:/KL/klImaging/ipp-UIC.7.1.1.013/sources/uic/codec/image/jpeg2000/common/src/common/image" /I"K:/KL/klImaging/ipp-UIC.7.1.1.013/sources/uic/codec/image/jpeg2000/common/src/common/ippwrapper" /I"K:/KL/klImaging/ipp-UIC.7.1.1.013/sources/uic/codec/image/jpeg2000/common/src/common/stream" /I"K:/KL/klImaging/ipp-UIC.7.1.1.013/sources/uic/codec/image/jpeg2000/common/src/common/string" /I"K:/KL/klImaging/ipp-UIC.7.1.1.013/sources/uic/codec/image/jpeg2000/common/src/file" /I"K:/KL/klImaging/ipp-UIC.7.1.1.013/sources/uic/codec/image/jpeg2000/common/src/box" /I"K:/KL/klImaging/ipp-UIC.7.1.1.013/sources/uic/codec/image/jpeg2000/enc/include" /I"K:/KL/klImaging/ipp-UIC.7.1.1.013/sources/uic/core/uic/include" /Zi /W3 /WX- /Od /D WIN32 /D _WINDOWS /D _DEBUG /D INTEL64 /D WINDOWS /D _SBCS /D WIN32 /D _WIN32 /D _WIN32_WINNT=0x501 /D WIN64 /D _WIN64 /D "CMAKE_INTDIR=\"debug\"" /Gm- /EHsc /MDd /GS /fp:fast /Zc:wchar_t /Zc:forScope /GR /openmp /Fo"jpeg2000_enc.dir\debug\\" /Fd"jpeg2000_enc.dir\debug\vc100.pdb" /Gd /TP /errorReport:prompt ..\..\..\..\..\..\sources\uic\codec\image\jpeg2000\enc\src\uic_jp2_enc.cpp
         Microsoft (R) C/C++ Optimizing Compiler Version 16.00.40219.01 for x64
         Copyright (C) Microsoft Corporation.  All rights reserved.
         
         cl /c /I"C:/Program Files (x86)/Intel/Composer XE 2011 SP1/ipp/include" /I"K:/KL/klImaging/ipp-UIC.7.1.1.013/sources/uic/codec/image/jpeg2000/common/src" /I"K:/KL/klImaging/ipp-UIC.7.1.1.013/sources/uic/codec/image/jpeg2000/common/src/codestream" /I"K:/KL/klImaging/ipp-UIC.7.1.1.013/sources/uic/codec/image/jpeg2000/common/src/codestream/common" /I"K:/KL/klImaging/ipp-UIC.7.1.1.013/sources/uic/codec/image/jpeg2000/common/src/codestream/ebcot" /I"K:/KL/klImaging/ipp-UIC.7.1.1.013/sources/uic/codec/image/jpeg2000/common/src/codestream/mainheader" /I"K:/KL/klImaging/ipp-UIC.7.1.1.013/sources/uic/codec/image/jpeg2000/common/src/codestream/marker" /I"K:/KL/klImaging/ipp-UIC.7.1.1.013/sources/uic/codec/image/jpeg2000/common/src/codestream/packetheader" /I"K:/KL/klImaging/ipp-UIC.7.1.1.013/sources/uic/codec/image/jpeg2000/common/src/codestream/quant" /I"K:/KL/klImaging/ipp-UIC.7.1.1.013/sources/uic/codec/image/jpeg2000/common/src/codestream/tile" /I"K:/KL/klImaging/ipp-UIC.7.1.1.013/sources/uic/codec/image/jpeg2000/common/src/codestream/wavelet" /I"K:/KL/klImaging/ipp-UIC.7.1.1.013/sources/uic/codec/image/jpeg2000/common/src/common" /I"K:/KL/klImaging/ipp-UIC.7.1.1.013/sources/uic/codec/image/jpeg2000/common/src/common/container" /I"K:/KL/klImaging/ipp-UIC.7.1.1.013/sources/uic/codec/image/jpeg2000/common/src/common/geometry" /I"K:/KL/klImaging/ipp-UIC.7.1.1.013/sources/uic/codec/image/jpeg2000/common/src/common/image" /I"K:/KL/klImaging/ipp-UIC.7.1.1.013/sources/uic/codec/image/jpeg2000/common/src/common/ippwrapper" /I"K:/KL/klImaging/ipp-UIC.7.1.1.013/sources/uic/codec/image/jpeg2000/common/src/common/stream" /I"K:/KL/klImaging/ipp-UIC.7.1.1.013/sources/uic/codec/image/jpeg2000/common/src/common/string" /I"K:/KL/klImaging/ipp-UIC.7.1.1.013/sources/uic/codec/image/jpeg2000/common/src/file" /I"K:/KL/klImaging/ipp-UIC.7.1.1.013/sources/uic/codec/image/jpeg2000/common/src/box" /I"K:/KL/klImaging/ipp-UIC.7.1.1.013/sources/uic/codec/image/jpeg2000/enc/include" /I"K:/KL/klImaging/ipp-UIC.7.1.1.013/sources/uic/core/uic/include" /Zi /W3 /WX- /Od /D WIN32 /D _WINDOWS /D _DEBUG /D INTEL64 /D WINDOWS /D _SBCS /D WIN32 /D _WIN32 /D _WIN32_WINNT=0x501 /D WIN64 /D _WIN64 /D "CMAKE_INTDIR=\"debug\"" /Gm- /EHsc /MDd /GS /fp:fast /Zc:wchar_t /Zc:forScope /GR /openmp /Fo"jpeg2000_enc.dir\debug\\" /Fd"jpeg2000_enc.dir\debug\vc100.pdb" /Gd /TP /errorReport:prompt ..\..\..\..\..\..\sources\uic\codec\image\jpeg2000\enc\src\uic_jp2_enc.cpp
         
         uic_jp2_enc.cpp
       Lib:
         k:\Program Files (x86)\Microsoft Visual Studio 10.0\VC\bin\x86_amd64\Lib.exe /OUT:"K:\KL\klImaging\ipp-UIC.7.1.1.013\__cmake\uic.intel64.vc2010.s.mt\__lib\debug\jpeg2000_enc.lib" /NOLOGO jpeg2000_enc.dir\debug\uic_jp2_enc.obj
         jpeg2000_enc.vcxproj -> K:\KL\klImaging\ipp-UIC.7.1.1.013\__cmake\uic.intel64.vc2010.s.mt\__lib\debug\jpeg2000_enc.lib
       FinalizeBuildStatus:
         Deleting file "jpeg2000_enc.dir\debug\jpeg2000_enc.unsuccessfulbuild".
         Touching "jpeg2000_enc.dir\debug\jpeg2000_enc.lastbuildstate".
     1>Done Building Project "K:\KL\klImaging\ipp-UIC.7.1.1.013\__cmake\uic.intel64.vc2010.s.mt\codec\image\jpeg2000\enc\jpeg2000_enc.vcxproj" (build target(s)).

Build succeeded.

Time Elapsed 00:00:01.91
