Build started 11/4/2013 4:04:45 PM.
     1>Project "K:\KL\klImaging\ipp-UIC.7.1.1.013\__cmake\uic.intel64.vc2010.s.mt\codec\image\zlib\zlib.vcxproj" on node 11 (build target(s)).
     1>InitializeBuildStatus:
         Creating "zlib.dir\debug\zlib.unsuccessfulbuild" because "AlwaysCreate" was specified.
       CustomBuild:
         Building Custom Rule K:/KL/klImaging/ipp-UIC.7.1.1.013/sources/uic/codec/image/zlib/CMakeLists.txt
         CMake does not need to re-run because K:\KL\klImaging\ipp-UIC.7.1.1.013\__cmake\uic.intel64.vc2010.s.mt\codec\image\zlib\CMakeFiles\generate.stamp is up-to-date.
       MakeDirsForCl:
         Creating directory "K:\KL\klImaging\ipp-UIC.7.1.1.013\__cmake\uic.intel64.vc2010.s.mt\codec\image\zlib\debug".
       ClCompile:
         k:\Program Files (x86)\Microsoft Visual Studio 10.0\VC\bin\x86_amd64\CL.exe /c /I"C:/Program Files (x86)/Intel/Composer XE 2011 SP1/ipp/include" /Zi /W3 /WX- /Od /D WIN32 /D _WINDOWS /D _DEBUG /D INTEL64 /D WINDOWS /D _SBCS /D WIN32 /D _WIN32 /D _WIN32_WINNT=0x501 /D WIN64 /D _WIN64 /D "CMAKE_INTDIR=\"debug\"" /Gm- /EHsc /MDd /GS /fp:fast /Zc:wchar_t /Zc:forScope /GR /openmp /Fo"zlib.dir\debug\\" /Fd"zlib.dir\debug\vc100.pdb" /Gd /TC /errorReport:prompt ..\..\..\..\..\sources\uic\codec\image\zlib\src\adler32.c ..\..\..\..\..\sources\uic\codec\image\zlib\src\compress.c ..\..\..\..\..\sources\uic\codec\image\zlib\src\crc32.c ..\..\..\..\..\sources\uic\codec\image\zlib\src\deflate.c ..\..\..\..\..\sources\uic\codec\image\zlib\src\example.c ..\..\..\..\..\sources\uic\codec\image\zlib\src\gzio.c ..\..\..\..\..\sources\uic\codec\image\zlib\src\infback.c ..\..\..\..\..\sources\uic\codec\image\zlib\src\inffast.c ..\..\..\..\..\sources\uic\codec\image\zlib\src\inflate.c ..\..\..\..\..\sources\uic\codec\image\zlib\src\inftrees.c ..\..\..\..\..\sources\uic\codec\image\zlib\src\minigzip.c ..\..\..\..\..\sources\uic\codec\image\zlib\src\trees.c ..\..\..\..\..\sources\uic\codec\image\zlib\src\uncompr.c ..\..\..\..\..\sources\uic\codec\image\zlib\src\zutil.c
         Microsoft (R) C/C++ Optimizing Compiler Version 16.00.40219.01 for x64
         Copyright (C) Microsoft Corporation.  All rights reserved.
         
         cl /c /I"C:/Program Files (x86)/Intel/Composer XE 2011 SP1/ipp/include" /Zi /W3 /WX- /Od /D WIN32 /D _WINDOWS /D _DEBUG /D INTEL64 /D WINDOWS /D _SBCS /D WIN32 /D _WIN32 /D _WIN32_WINNT=0x501 /D WIN64 /D _WIN64 /D "CMAKE_INTDIR=\"debug\"" /Gm- /EHsc /MDd /GS /fp:fast /Zc:wchar_t /Zc:forScope /GR /openmp /Fo"zlib.dir\debug\\" /Fd"zlib.dir\debug\vc100.pdb" /Gd /TC /errorReport:prompt ..\..\..\..\..\sources\uic\codec\image\zlib\src\adler32.c ..\..\..\..\..\sources\uic\codec\image\zlib\src\compress.c ..\..\..\..\..\sources\uic\codec\image\zlib\src\crc32.c ..\..\..\..\..\sources\uic\codec\image\zlib\src\deflate.c ..\..\..\..\..\sources\uic\codec\image\zlib\src\example.c ..\..\..\..\..\sources\uic\codec\image\zlib\src\gzio.c ..\..\..\..\..\sources\uic\codec\image\zlib\src\infback.c ..\..\..\..\..\sources\uic\codec\image\zlib\src\inffast.c ..\..\..\..\..\sources\uic\codec\image\zlib\src\inflate.c ..\..\..\..\..\sources\uic\codec\image\zlib\src\inftrees.c ..\..\..\..\..\sources\uic\codec\image\zlib\src\minigzip.c ..\..\..\..\..\sources\uic\codec\image\zlib\src\trees.c ..\..\..\..\..\sources\uic\codec\image\zlib\src\uncompr.c ..\..\..\..\..\sources\uic\codec\image\zlib\src\zutil.c
         
         adler32.c
         compress.c
         crc32.c
         deflate.c
         example.c
         gzio.c
         infback.c
         inffast.c
         inflate.c
         inftrees.c
         minigzip.c
         trees.c
         uncompr.c
         zutil.c
         Generating Code...
         k:\Program Files (x86)\Microsoft Visual Studio 10.0\VC\bin\x86_amd64\CL.exe /c /I"C:/Program Files (x86)/Intel/Composer XE 2011 SP1/ipp/include" /Zi /W3 /WX- /Od /D WIN32 /D _WINDOWS /D _DEBUG /D INTEL64 /D WINDOWS /D _SBCS /D WIN32 /D _WIN32 /D _WIN32_WINNT=0x501 /D WIN64 /D _WIN64 /D "CMAKE_INTDIR=\"debug\"" /Gm- /EHsc /MDd /GS /fp:fast /Zc:wchar_t /Zc:forScope /GR /openmp /Fo"zlib.dir\debug\\" /Fd"zlib.dir\debug\vc100.pdb" /Gd /TP /errorReport:prompt ..\..\..\..\..\sources\uic\codec\image\zlib\src\ipp_static.cpp
         Microsoft (R) C/C++ Optimizing Compiler Version 16.00.40219.01 for x64
         Copyright (C) Microsoft Corporation.  All rights reserved.
         
         cl /c /I"C:/Program Files (x86)/Intel/Composer XE 2011 SP1/ipp/include" /Zi /W3 /WX- /Od /D WIN32 /D _WINDOWS /D _DEBUG /D INTEL64 /D WINDOWS /D _SBCS /D WIN32 /D _WIN32 /D _WIN32_WINNT=0x501 /D WIN64 /D _WIN64 /D "CMAKE_INTDIR=\"debug\"" /Gm- /EHsc /MDd /GS /fp:fast /Zc:wchar_t /Zc:forScope /GR /openmp /Fo"zlib.dir\debug\\" /Fd"zlib.dir\debug\vc100.pdb" /Gd /TP /errorReport:prompt ..\..\..\..\..\sources\uic\codec\image\zlib\src\ipp_static.cpp
         
         ipp_static.cpp
       Lib:
         k:\Program Files (x86)\Microsoft Visual Studio 10.0\VC\bin\x86_amd64\Lib.exe /OUT:"K:\KL\klImaging\ipp-UIC.7.1.1.013\__cmake\uic.intel64.vc2010.s.mt\__lib\debug\zlib.lib" /NOLOGO zlib.dir\debug\adler32.obj
         zlib.dir\debug\compress.obj
         zlib.dir\debug\crc32.obj
         zlib.dir\debug\deflate.obj
         zlib.dir\debug\example.obj
         zlib.dir\debug\gzio.obj
         zlib.dir\debug\infback.obj
         zlib.dir\debug\inffast.obj
         zlib.dir\debug\inflate.obj
         zlib.dir\debug\inftrees.obj
         zlib.dir\debug\minigzip.obj
         zlib.dir\debug\trees.obj
         zlib.dir\debug\uncompr.obj
         zlib.dir\debug\zutil.obj
         zlib.dir\debug\ipp_static.obj
     1>example.obj : warning LNK4006: main already defined in minigzip.obj; second definition ignored
         zlib.vcxproj -> K:\KL\klImaging\ipp-UIC.7.1.1.013\__cmake\uic.intel64.vc2010.s.mt\__lib\debug\zlib.lib
       FinalizeBuildStatus:
         Deleting file "zlib.dir\debug\zlib.unsuccessfulbuild".
         Touching "zlib.dir\debug\zlib.lastbuildstate".
     1>Done Building Project "K:\KL\klImaging\ipp-UIC.7.1.1.013\__cmake\uic.intel64.vc2010.s.mt\codec\image\zlib\zlib.vcxproj" (build target(s)).

Build succeeded.

Time Elapsed 00:00:01.37
