Build started 11/4/2013 4:04:46 PM.
     1>Project "K:\KL\klImaging\ipp-UIC.7.1.1.013\__cmake\uic.intel64.vc2010.s.mt\codec\image\jpeg\enc\jpeg_enc.vcxproj" on node 10 (build target(s)).
     1>InitializeBuildStatus:
         Creating "jpeg_enc.dir\debug\jpeg_enc.unsuccessfulbuild" because "AlwaysCreate" was specified.
       CustomBuild:
         Building Custom Rule K:/KL/klImaging/ipp-UIC.7.1.1.013/sources/uic/codec/image/jpeg/enc/CMakeLists.txt
         CMake does not need to re-run because K:\KL\klImaging\ipp-UIC.7.1.1.013\__cmake\uic.intel64.vc2010.s.mt\codec\image\jpeg\enc\CMakeFiles\generate.stamp is up-to-date.
       MakeDirsForCl:
         Creating directory "K:\KL\klImaging\ipp-UIC.7.1.1.013\__cmake\uic.intel64.vc2010.s.mt\codec\image\jpeg\enc\debug".
       ClCompile:
         k:\Program Files (x86)\Microsoft Visual Studio 10.0\VC\bin\x86_amd64\CL.exe /c /I"C:/Program Files (x86)/Intel/Composer XE 2011 SP1/ipp/include" /I"K:/KL/klImaging/ipp-UIC.7.1.1.013/sources/uic/codec/image/jpeg/common/include" /I"K:/KL/klImaging/ipp-UIC.7.1.1.013/sources/uic/codec/image/jpeg/enc/include" /I"K:/KL/klImaging/ipp-UIC.7.1.1.013/sources/uic/core/uic/include" /Zi /W3 /WX- /Od /D WIN32 /D _WINDOWS /D _DEBUG /D INTEL64 /D WINDOWS /D _SBCS /D WIN32 /D _WIN32 /D _WIN32_WINNT=0x501 /D WIN64 /D _WIN64 /D "CMAKE_INTDIR=\"debug\"" /Gm- /EHsc /MDd /GS /fp:fast /Zc:wchar_t /Zc:forScope /GR /openmp /Fo"jpeg_enc.dir\debug\\" /Fd"jpeg_enc.dir\debug\vc100.pdb" /Gd /TP /errorReport:prompt ..\..\..\..\..\..\sources\uic\codec\image\jpeg\enc\src\bitstreamout.cpp ..\..\..\..\..\..\sources\uic\codec\image\jpeg\enc\src\enchtbl.cpp ..\..\..\..\..\..\sources\uic\codec\image\jpeg\enc\src\encqtbl.cpp ..\..\..\..\..\..\sources\uic\codec\image\jpeg\enc\src\jpegenc.cpp ..\..\..\..\..\..\sources\uic\codec\image\jpeg\enc\src\jpegencrst.cpp ..\..\..\..\..\..\sources\uic\codec\image\jpeg\enc\src\uic_jpeg_enc.cpp
         Microsoft (R) C/C++ Optimizing Compiler Version 16.00.40219.01 for x64
         Copyright (C) Microsoft Corporation.  All rights reserved.
         
         cl /c /I"C:/Program Files (x86)/Intel/Composer XE 2011 SP1/ipp/include" /I"K:/KL/klImaging/ipp-UIC.7.1.1.013/sources/uic/codec/image/jpeg/common/include" /I"K:/KL/klImaging/ipp-UIC.7.1.1.013/sources/uic/codec/image/jpeg/enc/include" /I"K:/KL/klImaging/ipp-UIC.7.1.1.013/sources/uic/core/uic/include" /Zi /W3 /WX- /Od /D WIN32 /D _WINDOWS /D _DEBUG /D INTEL64 /D WINDOWS /D _SBCS /D WIN32 /D _WIN32 /D _WIN32_WINNT=0x501 /D WIN64 /D _WIN64 /D "CMAKE_INTDIR=\"debug\"" /Gm- /EHsc /MDd /GS /fp:fast /Zc:wchar_t /Zc:forScope /GR /openmp /Fo"jpeg_enc.dir\debug\\" /Fd"jpeg_enc.dir\debug\vc100.pdb" /Gd /TP /errorReport:prompt ..\..\..\..\..\..\sources\uic\codec\image\jpeg\enc\src\bitstreamout.cpp ..\..\..\..\..\..\sources\uic\codec\image\jpeg\enc\src\enchtbl.cpp ..\..\..\..\..\..\sources\uic\codec\image\jpeg\enc\src\encqtbl.cpp ..\..\..\..\..\..\sources\uic\codec\image\jpeg\enc\src\jpegenc.cpp ..\..\..\..\..\..\sources\uic\codec\image\jpeg\enc\src\jpegencrst.cpp ..\..\..\..\..\..\sources\uic\codec\image\jpeg\enc\src\uic_jpeg_enc.cpp
         
         bitstreamout.cpp
         enchtbl.cpp
         encqtbl.cpp
         jpegenc.cpp
         jpegencrst.cpp
         uic_jpeg_enc.cpp
         Generating Code...
       Lib:
         k:\Program Files (x86)\Microsoft Visual Studio 10.0\VC\bin\x86_amd64\Lib.exe /OUT:"K:\KL\klImaging\ipp-UIC.7.1.1.013\__cmake\uic.intel64.vc2010.s.mt\__lib\debug\jpeg_enc.lib" /NOLOGO jpeg_enc.dir\debug\bitstreamout.obj
         jpeg_enc.dir\debug\enchtbl.obj
         jpeg_enc.dir\debug\encqtbl.obj
         jpeg_enc.dir\debug\jpegenc.obj
         jpeg_enc.dir\debug\jpegencrst.obj
         jpeg_enc.dir\debug\uic_jpeg_enc.obj
         jpeg_enc.vcxproj -> K:\KL\klImaging\ipp-UIC.7.1.1.013\__cmake\uic.intel64.vc2010.s.mt\__lib\debug\jpeg_enc.lib
       FinalizeBuildStatus:
         Deleting file "jpeg_enc.dir\debug\jpeg_enc.unsuccessfulbuild".
         Touching "jpeg_enc.dir\debug\jpeg_enc.lastbuildstate".
     1>Done Building Project "K:\KL\klImaging\ipp-UIC.7.1.1.013\__cmake\uic.intel64.vc2010.s.mt\codec\image\jpeg\enc\jpeg_enc.vcxproj" (build target(s)).

Build succeeded.

Time Elapsed 00:00:01.62
