D:\klImageCore\tiff-4.0.0beta4\tiff-4.0.0beta4\libjpeg\Release\icl.command.1.tlog
D:\klImageCore\tiff-4.0.0beta4\tiff-4.0.0beta4\libjpeg\Release\icl.read.1.tlog
D:\klImageCore\tiff-4.0.0beta4\tiff-4.0.0beta4\libjpeg\Release\icl.write.1.tlog
D:\klImageCore\tiff-4.0.0beta4\tiff-4.0.0beta4\libjpeg\Release\icl-mcpcom.read.1.tlog
D:\klImageCore\tiff-4.0.0beta4\tiff-4.0.0beta4\libjpeg\Release\icl-mcpcom.write.1.tlog
D:\KLIMAGECORE\TIFF-4.0.0BETA4\TIFF-4.0.0BETA4\LIBJPEG\RELEASE\JCAPIMIN.OBJ
D:\KLIMAGECORE\TIFF-4.0.0BETA4\TIFF-4.0.0BETA4\LIBJPEG\RELEASE\JCAPISTD.OBJ
D:\KLIMAGECORE\TIFF-4.0.0BETA4\TIFF-4.0.0BETA4\LIBJPEG\RELEASE\JCCOEFCT.OBJ
D:\KLIMAGECORE\TIFF-4.0.0BETA4\TIFF-4.0.0BETA4\LIBJPEG\RELEASE\JCCOLOR.OBJ
D:\KLIMAGECORE\TIFF-4.0.0BETA4\TIFF-4.0.0BETA4\LIBJPEG\RELEASE\JCDCTMGR.OBJ
D:\KLIMAGECORE\TIFF-4.0.0BETA4\TIFF-4.0.0BETA4\LIBJPEG\RELEASE\JCHUFF.OBJ
D:\KLIMAGECORE\TIFF-4.0.0BETA4\TIFF-4.0.0BETA4\LIBJPEG\RELEASE\JCINIT.OBJ
D:\KLIMAGECORE\TIFF-4.0.0BETA4\TIFF-4.0.0BETA4\LIBJPEG\RELEASE\JCMAINCT.OBJ
D:\KLIMAGECORE\TIFF-4.0.0BETA4\TIFF-4.0.0BETA4\LIBJPEG\RELEASE\JCMARKER.OBJ
D:\KLIMAGECORE\TIFF-4.0.0BETA4\TIFF-4.0.0BETA4\LIBJPEG\RELEASE\JCMASTER.OBJ
D:\KLIMAGECORE\TIFF-4.0.0BETA4\TIFF-4.0.0BETA4\LIBJPEG\RELEASE\JCOMAPI.OBJ
D:\KLIMAGECORE\TIFF-4.0.0BETA4\TIFF-4.0.0BETA4\LIBJPEG\RELEASE\JCPARAM.OBJ
D:\KLIMAGECORE\TIFF-4.0.0BETA4\TIFF-4.0.0BETA4\LIBJPEG\RELEASE\JCPHUFF.OBJ
D:\KLIMAGECORE\TIFF-4.0.0BETA4\TIFF-4.0.0BETA4\LIBJPEG\RELEASE\JCPREPCT.OBJ
D:\KLIMAGECORE\TIFF-4.0.0BETA4\TIFF-4.0.0BETA4\LIBJPEG\RELEASE\JCSAMPLE.OBJ
D:\KLIMAGECORE\TIFF-4.0.0BETA4\TIFF-4.0.0BETA4\LIBJPEG\RELEASE\JCTRANS.OBJ
D:\KLIMAGECORE\TIFF-4.0.0BETA4\TIFF-4.0.0BETA4\LIBJPEG\RELEASE\JDAPIMIN.OBJ
D:\KLIMAGECORE\TIFF-4.0.0BETA4\TIFF-4.0.0BETA4\LIBJPEG\RELEASE\JDAPISTD.OBJ
D:\KLIMAGECORE\TIFF-4.0.0BETA4\TIFF-4.0.0BETA4\LIBJPEG\RELEASE\JDATADST.OBJ
D:\KLIMAGECORE\TIFF-4.0.0BETA4\TIFF-4.0.0BETA4\LIBJPEG\RELEASE\JDATASRC.OBJ
D:\KLIMAGECORE\TIFF-4.0.0BETA4\TIFF-4.0.0BETA4\LIBJPEG\RELEASE\JDCOEFCT.OBJ
D:\KLIMAGECORE\TIFF-4.0.0BETA4\TIFF-4.0.0BETA4\LIBJPEG\RELEASE\JDCOLOR.OBJ
D:\KLIMAGECORE\TIFF-4.0.0BETA4\TIFF-4.0.0BETA4\LIBJPEG\RELEASE\JDDCTMGR.OBJ
D:\KLIMAGECORE\TIFF-4.0.0BETA4\TIFF-4.0.0BETA4\LIBJPEG\RELEASE\JDHUFF.OBJ
D:\KLIMAGECORE\TIFF-4.0.0BETA4\TIFF-4.0.0BETA4\LIBJPEG\RELEASE\JDINPUT.OBJ
D:\KLIMAGECORE\TIFF-4.0.0BETA4\TIFF-4.0.0BETA4\LIBJPEG\RELEASE\JDMAINCT.OBJ
D:\KLIMAGECORE\TIFF-4.0.0BETA4\TIFF-4.0.0BETA4\LIBJPEG\RELEASE\JDMARKER.OBJ
D:\KLIMAGECORE\TIFF-4.0.0BETA4\TIFF-4.0.0BETA4\LIBJPEG\RELEASE\JDMASTER.OBJ
D:\KLIMAGECORE\TIFF-4.0.0BETA4\TIFF-4.0.0BETA4\LIBJPEG\RELEASE\JDMERGE.OBJ
D:\KLIMAGECORE\TIFF-4.0.0BETA4\TIFF-4.0.0BETA4\LIBJPEG\RELEASE\JDPHUFF.OBJ
D:\KLIMAGECORE\TIFF-4.0.0BETA4\TIFF-4.0.0BETA4\LIBJPEG\RELEASE\JDPOSTCT.OBJ
D:\KLIMAGECORE\TIFF-4.0.0BETA4\TIFF-4.0.0BETA4\LIBJPEG\RELEASE\JDSAMPLE.OBJ
D:\KLIMAGECORE\TIFF-4.0.0BETA4\TIFF-4.0.0BETA4\LIBJPEG\RELEASE\JDTRANS.OBJ
D:\KLIMAGECORE\TIFF-4.0.0BETA4\TIFF-4.0.0BETA4\LIBJPEG\RELEASE\JERROR.OBJ
D:\KLIMAGECORE\TIFF-4.0.0BETA4\TIFF-4.0.0BETA4\LIBJPEG\RELEASE\JFDCTFLT.OBJ
D:\KLIMAGECORE\TIFF-4.0.0BETA4\TIFF-4.0.0BETA4\LIBJPEG\RELEASE\JFDCTFST.OBJ
D:\KLIMAGECORE\TIFF-4.0.0BETA4\TIFF-4.0.0BETA4\LIBJPEG\RELEASE\JFDCTINT.OBJ
D:\KLIMAGECORE\TIFF-4.0.0BETA4\TIFF-4.0.0BETA4\LIBJPEG\RELEASE\JIDCTFLT.OBJ
D:\KLIMAGECORE\TIFF-4.0.0BETA4\TIFF-4.0.0BETA4\LIBJPEG\RELEASE\JIDCTFST.OBJ
D:\KLIMAGECORE\TIFF-4.0.0BETA4\TIFF-4.0.0BETA4\LIBJPEG\RELEASE\JIDCTINT.OBJ
D:\KLIMAGECORE\TIFF-4.0.0BETA4\TIFF-4.0.0BETA4\LIBJPEG\RELEASE\JIDCTRED.OBJ
D:\KLIMAGECORE\TIFF-4.0.0BETA4\TIFF-4.0.0BETA4\LIBJPEG\RELEASE\JMEMANSI.OBJ
D:\KLIMAGECORE\TIFF-4.0.0BETA4\TIFF-4.0.0BETA4\LIBJPEG\RELEASE\JMEMMGR.OBJ
D:\KLIMAGECORE\TIFF-4.0.0BETA4\TIFF-4.0.0BETA4\LIBJPEG\RELEASE\JQUANT1.OBJ
D:\KLIMAGECORE\TIFF-4.0.0BETA4\TIFF-4.0.0BETA4\LIBJPEG\RELEASE\JQUANT2.OBJ
D:\KLIMAGECORE\TIFF-4.0.0BETA4\TIFF-4.0.0BETA4\LIBJPEG\RELEASE\JUTILS.OBJ
D:\klImageCore\tiff-4.0.0beta4\tiff-4.0.0beta4\libjpeg\Release\libjpeg.vcxprojResolveAssemblyReference.cache
D:\klImageCore\tiff-4.0.0beta4\tiff-4.0.0beta4\libjpeg\Release\libjpeg.write.1.tlog
D:\KLIMAGECORE\TIFF-4.0.0BETA4\TIFF-4.0.0BETA4\LIBJPEG\RELEASE\VC100.PDB
D:\klImageCore\tiff-4.0.0beta4\tiff-4.0.0beta4\libjpeg\Release\xilib.command.1.tlog
D:\klImageCore\tiff-4.0.0beta4\tiff-4.0.0beta4\libjpeg\Release\xilib-xilink.read.1.tlog
D:\klImageCore\tiff-4.0.0beta4\tiff-4.0.0beta4\libjpeg\Release\xilib-xilink.write.1.tlog
D:\klImageCore\tiff-4.0.0beta4\tiff-4.0.0beta4\libjpeg\Release\xilib-xilink-lib-link.read.1.tlog
D:\klImageCore\tiff-4.0.0beta4\tiff-4.0.0beta4\libjpeg\Release\xilib-xilink-lib-link.write.1.tlog
D:\X64\RELEASE\LIBJPEG.LIB
