Build started 11/4/2013 4:04:45 PM.
     1>Project "K:\KL\klImaging\ipp-UIC.7.1.1.013\__cmake\uic.intel64.vc2010.s.mt\codec\image\jpeg2000\common\jpeg2000_common.vcxproj" on node 8 (build target(s)).
     1>InitializeBuildStatus:
         Creating "jpeg2000_common.dir\debug\jpeg2000_common.unsuccessfulbuild" because "AlwaysCreate" was specified.
       CustomBuild:
         Building Custom Rule K:/KL/klImaging/ipp-UIC.7.1.1.013/sources/uic/codec/image/jpeg2000/common/CMakeLists.txt
         CMake does not need to re-run because K:\KL\klImaging\ipp-UIC.7.1.1.013\__cmake\uic.intel64.vc2010.s.mt\codec\image\jpeg2000\common\CMakeFiles\generate.stamp is up-to-date.
       MakeDirsForCl:
         Creating directory "K:\KL\klImaging\ipp-UIC.7.1.1.013\__cmake\uic.intel64.vc2010.s.mt\codec\image\jpeg2000\common\debug".
       ClCompile:
         k:\Program Files (x86)\Microsoft Visual Studio 10.0\VC\bin\x86_amd64\CL.exe /c /I"C:/Program Files (x86)/Intel/Composer XE 2011 SP1/ipp/include" /I"K:/KL/klImaging/ipp-UIC.7.1.1.013/sources/uic/codec/image/jpeg2000/common/src" /I"K:/KL/klImaging/ipp-UIC.7.1.1.013/sources/uic/codec/image/jpeg2000/common/src/codestream" /I"K:/KL/klImaging/ipp-UIC.7.1.1.013/sources/uic/codec/image/jpeg2000/common/src/codestream/common" /I"K:/KL/klImaging/ipp-UIC.7.1.1.013/sources/uic/codec/image/jpeg2000/common/src/codestream/ebcot" /I"K:/KL/klImaging/ipp-UIC.7.1.1.013/sources/uic/codec/image/jpeg2000/common/src/codestream/mainheader" /I"K:/KL/klImaging/ipp-UIC.7.1.1.013/sources/uic/codec/image/jpeg2000/common/src/codestream/marker" /I"K:/KL/klImaging/ipp-UIC.7.1.1.013/sources/uic/codec/image/jpeg2000/common/src/codestream/packetheader" /I"K:/KL/klImaging/ipp-UIC.7.1.1.013/sources/uic/codec/image/jpeg2000/common/src/codestream/quant" /I"K:/KL/klImaging/ipp-UIC.7.1.1.013/sources/uic/codec/image/jpeg2000/common/src/codestream/tile" /I"K:/KL/klImaging/ipp-UIC.7.1.1.013/sources/uic/codec/image/jpeg2000/common/src/codestream/wavelet" /I"K:/KL/klImaging/ipp-UIC.7.1.1.013/sources/uic/codec/image/jpeg2000/common/src/common" /I"K:/KL/klImaging/ipp-UIC.7.1.1.013/sources/uic/codec/image/jpeg2000/common/src/common/container" /I"K:/KL/klImaging/ipp-UIC.7.1.1.013/sources/uic/codec/image/jpeg2000/common/src/common/geometry" /I"K:/KL/klImaging/ipp-UIC.7.1.1.013/sources/uic/codec/image/jpeg2000/common/src/common/image" /I"K:/KL/klImaging/ipp-UIC.7.1.1.013/sources/uic/codec/image/jpeg2000/common/src/common/ippwrapper" /I"K:/KL/klImaging/ipp-UIC.7.1.1.013/sources/uic/codec/image/jpeg2000/common/src/common/stream" /I"K:/KL/klImaging/ipp-UIC.7.1.1.013/sources/uic/codec/image/jpeg2000/common/src/common/string" /I"K:/KL/klImaging/ipp-UIC.7.1.1.013/sources/uic/codec/image/jpeg2000/common/src/file" /Zi /W3 /WX- /Od /D WIN32 /D _WINDOWS /D _DEBUG /D INTEL64 /D WINDOWS /D _SBCS /D WIN32 /D _WIN32 /D _WIN32_WINNT=0x501 /D WIN64 /D _WIN64 /D "CMAKE_INTDIR=\"debug\"" /Gm- /EHsc /MDd /GS /fp:fast /Zc:wchar_t /Zc:forScope /GR /openmp /Fo"jpeg2000_common.dir\debug\\" /Fd"jpeg2000_common.dir\debug\vc100.pdb" /Gd /TP /errorReport:prompt ..\..\..\..\..\..\sources\uic\codec\image\jpeg2000\common\src\codestream\common\djp2quantcomp.cpp ..\..\..\..\..\..\sources\uic\codec\image\jpeg2000\common\src\codestream\ebcot\cbencoder.cpp ..\..\..\..\..\..\sources\uic\codec\image\jpeg2000\common\src\codestream\ebcot\dcodeblock.cpp ..\..\..\..\..\..\sources\uic\codec\image\jpeg2000\common\src\codestream\ebcot\dprecinct.cpp ..\..\..\..\..\..\sources\uic\codec\image\jpeg2000\common\src\codestream\ebcot\dsubband.cpp ..\..\..\..\..\..\sources\uic\codec\image\jpeg2000\common\src\codestream\ebcot\ecodeblock.cpp ..\..\..\..\..\..\sources\uic\codec\image\jpeg2000\common\src\codestream\ebcot\eprecinct.cpp ..\..\..\..\..\..\sources\uic\codec\image\jpeg2000\common\src\codestream\ebcot\ereslevel.cpp ..\..\..\..\..\..\sources\uic\codec\image\jpeg2000\common\src\codestream\ebcot\esubband.cpp ..\..\..\..\..\..\sources\uic\codec\image\jpeg2000\common\src\codestream\ebcot\etile.cpp ..\..\..\..\..\..\sources\uic\codec\image\jpeg2000\common\src\codestream\ebcot\etilecomp.cpp ..\..\..\..\..\..\sources\uic\codec\image\jpeg2000\common\src\codestream\mainheader\djp2csmainheader.cpp ..\..\..\..\..\..\sources\uic\codec\image\jpeg2000\common\src\codestream\packetheader\tagtree.cpp ..\..\..\..\..\..\sources\uic\codec\image\jpeg2000\common\src\codestream\packetheader\tagtreeencoder.cpp ..\..\..\..\..\..\sources\uic\codec\image\jpeg2000\common\src\codestream\tile\djp2cstile.cpp ..\..\..\..\..\..\sources\uic\codec\image\jpeg2000\common\src\codestream\tile\jp2tileprogriterator.cpp ..\..\..\..\..\..\sources\uic\codec\image\jpeg2000\common\src\common\image\imageconvert.cpp ..\..\..\..\..\..\sources\uic\codec\image\jpeg2000\common\src\common\stream\bufferstream.cpp ..\..\..\..\..\..\sources\uic\codec\image\jpeg2000\common\src\common\string\strnaturechar.cpp ..\..\..\..\..\..\sources\uic\codec\image\jpeg2000\common\src\main.cpp
         Microsoft (R) C/C++ Optimizing Compiler Version 16.00.40219.01 for x64
         Copyright (C) Microsoft Corporation.  All rights reserved.
         
         cl /c /I"C:/Program Files (x86)/Intel/Composer XE 2011 SP1/ipp/include" /I"K:/KL/klImaging/ipp-UIC.7.1.1.013/sources/uic/codec/image/jpeg2000/common/src" /I"K:/KL/klImaging/ipp-UIC.7.1.1.013/sources/uic/codec/image/jpeg2000/common/src/codestream" /I"K:/KL/klImaging/ipp-UIC.7.1.1.013/sources/uic/codec/image/jpeg2000/common/src/codestream/common" /I"K:/KL/klImaging/ipp-UIC.7.1.1.013/sources/uic/codec/image/jpeg2000/common/src/codestream/ebcot" /I"K:/KL/klImaging/ipp-UIC.7.1.1.013/sources/uic/codec/image/jpeg2000/common/src/codestream/mainheader" /I"K:/KL/klImaging/ipp-UIC.7.1.1.013/sources/uic/codec/image/jpeg2000/common/src/codestream/marker" /I"K:/KL/klImaging/ipp-UIC.7.1.1.013/sources/uic/codec/image/jpeg2000/common/src/codestream/packetheader" /I"K:/KL/klImaging/ipp-UIC.7.1.1.013/sources/uic/codec/image/jpeg2000/common/src/codestream/quant" /I"K:/KL/klImaging/ipp-UIC.7.1.1.013/sources/uic/codec/image/jpeg2000/common/src/codestream/tile" /I"K:/KL/klImaging/ipp-UIC.7.1.1.013/sources/uic/codec/image/jpeg2000/common/src/codestream/wavelet" /I"K:/KL/klImaging/ipp-UIC.7.1.1.013/sources/uic/codec/image/jpeg2000/common/src/common" /I"K:/KL/klImaging/ipp-UIC.7.1.1.013/sources/uic/codec/image/jpeg2000/common/src/common/container" /I"K:/KL/klImaging/ipp-UIC.7.1.1.013/sources/uic/codec/image/jpeg2000/common/src/common/geometry" /I"K:/KL/klImaging/ipp-UIC.7.1.1.013/sources/uic/codec/image/jpeg2000/common/src/common/image" /I"K:/KL/klImaging/ipp-UIC.7.1.1.013/sources/uic/codec/image/jpeg2000/common/src/common/ippwrapper" /I"K:/KL/klImaging/ipp-UIC.7.1.1.013/sources/uic/codec/image/jpeg2000/common/src/common/stream" /I"K:/KL/klImaging/ipp-UIC.7.1.1.013/sources/uic/codec/image/jpeg2000/common/src/common/string" /I"K:/KL/klImaging/ipp-UIC.7.1.1.013/sources/uic/codec/image/jpeg2000/common/src/file" /Zi /W3 /WX- /Od /D WIN32 /D _WINDOWS /D _DEBUG /D INTEL64 /D WINDOWS /D _SBCS /D WIN32 /D _WIN32 /D _WIN32_WINNT=0x501 /D WIN64 /D _WIN64 /D "CMAKE_INTDIR=\"debug\"" /Gm- /EHsc /MDd /GS /fp:fast /Zc:wchar_t /Zc:forScope /GR /openmp /Fo"jpeg2000_common.dir\debug\\" /Fd"jpeg2000_common.dir\debug\vc100.pdb" /Gd /TP /errorReport:prompt ..\..\..\..\..\..\sources\uic\codec\image\jpeg2000\common\src\codestream\common\djp2quantcomp.cpp ..\..\..\..\..\..\sources\uic\codec\image\jpeg2000\common\src\codestream\ebcot\cbencoder.cpp ..\..\..\..\..\..\sources\uic\codec\image\jpeg2000\common\src\codestream\ebcot\dcodeblock.cpp ..\..\..\..\..\..\sources\uic\codec\image\jpeg2000\common\src\codestream\ebcot\dprecinct.cpp ..\..\..\..\..\..\sources\uic\codec\image\jpeg2000\common\src\codestream\ebcot\dsubband.cpp ..\..\..\..\..\..\sources\uic\codec\image\jpeg2000\common\src\codestream\ebcot\ecodeblock.cpp ..\..\..\..\..\..\sources\uic\codec\image\jpeg2000\common\src\codestream\ebcot\eprecinct.cpp ..\..\..\..\..\..\sources\uic\codec\image\jpeg2000\common\src\codestream\ebcot\ereslevel.cpp ..\..\..\..\..\..\sources\uic\codec\image\jpeg2000\common\src\codestream\ebcot\esubband.cpp ..\..\..\..\..\..\sources\uic\codec\image\jpeg2000\common\src\codestream\ebcot\etile.cpp ..\..\..\..\..\..\sources\uic\codec\image\jpeg2000\common\src\codestream\ebcot\etilecomp.cpp ..\..\..\..\..\..\sources\uic\codec\image\jpeg2000\common\src\codestream\mainheader\djp2csmainheader.cpp ..\..\..\..\..\..\sources\uic\codec\image\jpeg2000\common\src\codestream\packetheader\tagtree.cpp ..\..\..\..\..\..\sources\uic\codec\image\jpeg2000\common\src\codestream\packetheader\tagtreeencoder.cpp ..\..\..\..\..\..\sources\uic\codec\image\jpeg2000\common\src\codestream\tile\djp2cstile.cpp ..\..\..\..\..\..\sources\uic\codec\image\jpeg2000\common\src\codestream\tile\jp2tileprogriterator.cpp ..\..\..\..\..\..\sources\uic\codec\image\jpeg2000\common\src\common\image\imageconvert.cpp ..\..\..\..\..\..\sources\uic\codec\image\jpeg2000\common\src\common\stream\bufferstream.cpp ..\..\..\..\..\..\sources\uic\codec\image\jpeg2000\common\src\common\string\strnaturechar.cpp ..\..\..\..\..\..\sources\uic\codec\image\jpeg2000\common\src\main.cpp
         
         djp2quantcomp.cpp
         cbencoder.cpp
         dcodeblock.cpp
         dprecinct.cpp
         dsubband.cpp
         ecodeblock.cpp
         eprecinct.cpp
         ereslevel.cpp
         esubband.cpp
         etile.cpp
         etilecomp.cpp
         djp2csmainheader.cpp
         tagtree.cpp
         tagtreeencoder.cpp
         djp2cstile.cpp
         jp2tileprogriterator.cpp
         imageconvert.cpp
         bufferstream.cpp
         strnaturechar.cpp
         main.cpp
         Generating Code...
       Lib:
         k:\Program Files (x86)\Microsoft Visual Studio 10.0\VC\bin\x86_amd64\Lib.exe /OUT:"K:\KL\klImaging\ipp-UIC.7.1.1.013\__cmake\uic.intel64.vc2010.s.mt\__lib\debug\jpeg2000_common.lib" /NOLOGO jpeg2000_common.dir\debug\djp2quantcomp.obj
         jpeg2000_common.dir\debug\cbencoder.obj
         jpeg2000_common.dir\debug\dcodeblock.obj
         jpeg2000_common.dir\debug\dprecinct.obj
         jpeg2000_common.dir\debug\dsubband.obj
         jpeg2000_common.dir\debug\ecodeblock.obj
         jpeg2000_common.dir\debug\eprecinct.obj
         jpeg2000_common.dir\debug\ereslevel.obj
         jpeg2000_common.dir\debug\esubband.obj
         jpeg2000_common.dir\debug\etile.obj
         jpeg2000_common.dir\debug\etilecomp.obj
         jpeg2000_common.dir\debug\djp2csmainheader.obj
         jpeg2000_common.dir\debug\tagtree.obj
         jpeg2000_common.dir\debug\tagtreeencoder.obj
         jpeg2000_common.dir\debug\djp2cstile.obj
         jpeg2000_common.dir\debug\jp2tileprogriterator.obj
         jpeg2000_common.dir\debug\imageconvert.obj
         jpeg2000_common.dir\debug\bufferstream.obj
         jpeg2000_common.dir\debug\strnaturechar.obj
         jpeg2000_common.dir\debug\main.obj
         jpeg2000_common.vcxproj -> K:\KL\klImaging\ipp-UIC.7.1.1.013\__cmake\uic.intel64.vc2010.s.mt\__lib\debug\jpeg2000_common.lib
       FinalizeBuildStatus:
         Deleting file "jpeg2000_common.dir\debug\jpeg2000_common.unsuccessfulbuild".
         Touching "jpeg2000_common.dir\debug\jpeg2000_common.lastbuildstate".
     1>Done Building Project "K:\KL\klImaging\ipp-UIC.7.1.1.013\__cmake\uic.intel64.vc2010.s.mt\codec\image\jpeg2000\common\jpeg2000_common.vcxproj" (build target(s)).

Build succeeded.

Time Elapsed 00:00:05.10
