Build started 11/4/2013 4:04:45 PM.
     1>Project "K:\KL\klImaging\ipp-UIC.7.1.1.013\__cmake\uic.intel64.vc2010.s.mt\codec\image\bmp\dec\bmp_dec.vcxproj" on node 4 (build target(s)).
     1>InitializeBuildStatus:
         Creating "bmp_dec.dir\debug\bmp_dec.unsuccessfulbuild" because "AlwaysCreate" was specified.
       CustomBuild:
         Building Custom Rule K:/KL/klImaging/ipp-UIC.7.1.1.013/sources/uic/codec/image/bmp/dec/CMakeLists.txt
         CMake does not need to re-run because K:\KL\klImaging\ipp-UIC.7.1.1.013\__cmake\uic.intel64.vc2010.s.mt\codec\image\bmp\dec\CMakeFiles\generate.stamp is up-to-date.
       MakeDirsForCl:
         Creating directory "K:\KL\klImaging\ipp-UIC.7.1.1.013\__cmake\uic.intel64.vc2010.s.mt\codec\image\bmp\dec\debug".
       ClCompile:
         k:\Program Files (x86)\Microsoft Visual Studio 10.0\VC\bin\x86_amd64\CL.exe /c /I"C:/Program Files (x86)/Intel/Composer XE 2011 SP1/ipp/include" /I"K:/KL/klImaging/ipp-UIC.7.1.1.013/sources/uic/codec/image/bmp/common/include" /I"K:/KL/klImaging/ipp-UIC.7.1.1.013/sources/uic/codec/image/bmp/dec/include" /I"K:/KL/klImaging/ipp-UIC.7.1.1.013/sources/uic/core/uic/include" /Zi /W3 /WX- /Od /D WIN32 /D _WINDOWS /D _DEBUG /D INTEL64 /D WINDOWS /D _SBCS /D WIN32 /D _WIN32 /D _WIN32_WINNT=0x501 /D WIN64 /D _WIN64 /D "CMAKE_INTDIR=\"debug\"" /Gm- /EHsc /MDd /GS /fp:fast /Zc:wchar_t /Zc:forScope /GR /Fo"bmp_dec.dir\debug\\" /Fd"bmp_dec.dir\debug\vc100.pdb" /Gd /TP /Zl /errorReport:prompt ..\..\..\..\..\..\sources\uic\codec\image\bmp\dec\src\uic_bmp_dec.cpp
         Microsoft (R) C/C++ Optimizing Compiler Version 16.00.40219.01 for x64
         Copyright (C) Microsoft Corporation.  All rights reserved.
         
         cl /c /I"C:/Program Files (x86)/Intel/Composer XE 2011 SP1/ipp/include" /I"K:/KL/klImaging/ipp-UIC.7.1.1.013/sources/uic/codec/image/bmp/common/include" /I"K:/KL/klImaging/ipp-UIC.7.1.1.013/sources/uic/codec/image/bmp/dec/include" /I"K:/KL/klImaging/ipp-UIC.7.1.1.013/sources/uic/core/uic/include" /Zi /W3 /WX- /Od /D WIN32 /D _WINDOWS /D _DEBUG /D INTEL64 /D WINDOWS /D _SBCS /D WIN32 /D _WIN32 /D _WIN32_WINNT=0x501 /D WIN64 /D _WIN64 /D "CMAKE_INTDIR=\"debug\"" /Gm- /EHsc /MDd /GS /fp:fast /Zc:wchar_t /Zc:forScope /GR /Fo"bmp_dec.dir\debug\\" /Fd"bmp_dec.dir\debug\vc100.pdb" /Gd /TP /Zl /errorReport:prompt ..\..\..\..\..\..\sources\uic\codec\image\bmp\dec\src\uic_bmp_dec.cpp
         
         uic_bmp_dec.cpp
       Lib:
         k:\Program Files (x86)\Microsoft Visual Studio 10.0\VC\bin\x86_amd64\Lib.exe /OUT:"K:\KL\klImaging\ipp-UIC.7.1.1.013\__cmake\uic.intel64.vc2010.s.mt\__lib\debug\bmp_dec.lib" /NOLOGO bmp_dec.dir\debug\uic_bmp_dec.obj
         bmp_dec.vcxproj -> K:\KL\klImaging\ipp-UIC.7.1.1.013\__cmake\uic.intel64.vc2010.s.mt\__lib\debug\bmp_dec.lib
       FinalizeBuildStatus:
         Deleting file "bmp_dec.dir\debug\bmp_dec.unsuccessfulbuild".
         Touching "bmp_dec.dir\debug\bmp_dec.lastbuildstate".
     1>Done Building Project "K:\KL\klImaging\ipp-UIC.7.1.1.013\__cmake\uic.intel64.vc2010.s.mt\codec\image\bmp\dec\bmp_dec.vcxproj" (build target(s)).

Build succeeded.

Time Elapsed 00:00:00.93
