Build started 11/4/2013 4:04:45 PM.
     1>Project "K:\KL\klImaging\ipp-UIC.7.1.1.013\__cmake\uic.intel64.vc2010.s.mt\codec\image\png\enc\png_enc.vcxproj" on node 7 (build target(s)).
     1>InitializeBuildStatus:
         Creating "png_enc.dir\debug\png_enc.unsuccessfulbuild" because "AlwaysCreate" was specified.
       CustomBuild:
         Building Custom Rule K:/KL/klImaging/ipp-UIC.7.1.1.013/sources/uic/codec/image/png/enc/CMakeLists.txt
         CMake does not need to re-run because K:\KL\klImaging\ipp-UIC.7.1.1.013\__cmake\uic.intel64.vc2010.s.mt\codec\image\png\enc\CMakeFiles\generate.stamp is up-to-date.
       MakeDirsForCl:
         Creating directory "K:\KL\klImaging\ipp-UIC.7.1.1.013\__cmake\uic.intel64.vc2010.s.mt\codec\image\png\enc\debug".
       ClCompile:
         k:\Program Files (x86)\Microsoft Visual Studio 10.0\VC\bin\x86_amd64\CL.exe /c /I"C:/Program Files (x86)/Intel/Composer XE 2011 SP1/ipp/include" /I"K:/KL/klImaging/ipp-UIC.7.1.1.013/sources/uic/codec/image/zlib/src" /I"K:/KL/klImaging/ipp-UIC.7.1.1.013/sources/uic/codec/image/png/common/src" /I"K:/KL/klImaging/ipp-UIC.7.1.1.013/sources/uic/codec/image/png/enc/include" /I"K:/KL/klImaging/ipp-UIC.7.1.1.013/sources/uic/core/uic/include" /Zi /W3 /WX- /Od /D WIN32 /D _WINDOWS /D _DEBUG /D INTEL64 /D WINDOWS /D _SBCS /D WIN32 /D _WIN32 /D _WIN32_WINNT=0x501 /D WIN64 /D _WIN64 /D "CMAKE_INTDIR=\"debug\"" /Gm- /EHsc /MDd /GS /fp:fast /Zc:wchar_t /Zc:forScope /GR /Fo"png_enc.dir\debug\\" /Fd"png_enc.dir\debug\vc100.pdb" /Gd /TP /Zl /errorReport:prompt ..\..\..\..\..\..\sources\uic\codec\image\png\enc\src\uic_png_enc.cpp
         Microsoft (R) C/C++ Optimizing Compiler Version 16.00.40219.01 for x64
         Copyright (C) Microsoft Corporation.  All rights reserved.
         
         cl /c /I"C:/Program Files (x86)/Intel/Composer XE 2011 SP1/ipp/include" /I"K:/KL/klImaging/ipp-UIC.7.1.1.013/sources/uic/codec/image/zlib/src" /I"K:/KL/klImaging/ipp-UIC.7.1.1.013/sources/uic/codec/image/png/common/src" /I"K:/KL/klImaging/ipp-UIC.7.1.1.013/sources/uic/codec/image/png/enc/include" /I"K:/KL/klImaging/ipp-UIC.7.1.1.013/sources/uic/core/uic/include" /Zi /W3 /WX- /Od /D WIN32 /D _WINDOWS /D _DEBUG /D INTEL64 /D WINDOWS /D _SBCS /D WIN32 /D _WIN32 /D _WIN32_WINNT=0x501 /D WIN64 /D _WIN64 /D "CMAKE_INTDIR=\"debug\"" /Gm- /EHsc /MDd /GS /fp:fast /Zc:wchar_t /Zc:forScope /GR /Fo"png_enc.dir\debug\\" /Fd"png_enc.dir\debug\vc100.pdb" /Gd /TP /Zl /errorReport:prompt ..\..\..\..\..\..\sources\uic\codec\image\png\enc\src\uic_png_enc.cpp
         
         uic_png_enc.cpp
       Lib:
         k:\Program Files (x86)\Microsoft Visual Studio 10.0\VC\bin\x86_amd64\Lib.exe /OUT:"K:\KL\klImaging\ipp-UIC.7.1.1.013\__cmake\uic.intel64.vc2010.s.mt\__lib\debug\png_enc.lib" /NOLOGO png_enc.dir\debug\uic_png_enc.obj
         png_enc.vcxproj -> K:\KL\klImaging\ipp-UIC.7.1.1.013\__cmake\uic.intel64.vc2010.s.mt\__lib\debug\png_enc.lib
       FinalizeBuildStatus:
         Deleting file "png_enc.dir\debug\png_enc.unsuccessfulbuild".
         Touching "png_enc.dir\debug\png_enc.lastbuildstate".
     1>Done Building Project "K:\KL\klImaging\ipp-UIC.7.1.1.013\__cmake\uic.intel64.vc2010.s.mt\codec\image\png\enc\png_enc.vcxproj" (build target(s)).

Build succeeded.

Time Elapsed 00:00:00.66
