Build started 11/1/2013 10:58:06 AM.
     1>Project "K:\KL\klImaging\libjpeg-turbo\klJpegSIMD\klJpegSIMD\klJpegSIMD.vcxproj" on node 5 (build target(s)).
     1>InitializeBuildStatus:
         Creating "x64\Release\klJpegSIMD.unsuccessfulbuild" because "AlwaysCreate" was specified.
       ClCompile:
         k:\Program Files (x86)\Microsoft Visual Studio 10.0\VC\bin\x86_amd64\CL.exe /c /I"D:\klImaging\libjpeg-turbo\include" /Zi /nologo /W3 /WX- /O2 /Oi /GL /D WIN32 /D NDEBUG /D _CONSOLE /D _UNICODE /D UNICODE /Gm- /EHsc /MD /GS /Gy /fp:precise /Zc:wchar_t /Zc:forScope /Fo"x64\Release\\" /Fd"x64\Release\vc100.pdb" /Gd /TP /errorReport:prompt ..\..\..\klImageCoreV\kl_simd_jpeg.cpp
         kl_simd_jpeg.cpp
     1>d:\klimaging\libjpeg-turbo\include\jmorecfg.h(216): warning C4005: 'FAR' : macro redefinition
                 C:\Program Files (x86)\Microsoft SDKs\Windows\v7.0A\include\windef.h(146) : see previous definition of 'FAR'
     1>..\..\..\klImageCoreV\kl_simd_jpeg.cpp(28): warning C4996: 'fopen': This function or variable may be unsafe. Consider using fopen_s instead. To disable deprecation, use _CRT_SECURE_NO_WARNINGS. See online help for details.
                 k:\Program Files (x86)\Microsoft Visual Studio 10.0\VC\include\stdio.h(234) : see declaration of 'fopen'
     1>..\..\..\klImageCoreV\kl_simd_jpeg.cpp(35): warning C4996: 'flushall': The POSIX name for this item is deprecated. Instead, use the ISO C++ conformant name: _flushall. See online help for details.
                 k:\Program Files (x86)\Microsoft Visual Studio 10.0\VC\include\stdio.h(724) : see declaration of 'flushall'
     1>..\..\..\klImageCoreV\kl_simd_jpeg.cpp(99): warning C4267: 'initializing' : conversion from 'size_t' to 'unsigned int', possible loss of data
     1>..\..\..\klImageCoreV\kl_simd_jpeg.cpp(272): warning C4267: 'initializing' : conversion from 'size_t' to 'unsigned int', possible loss of data
     1>..\..\..\klImageCoreV\kl_simd_jpeg.cpp(284): warning C4244: 'initializing' : conversion from 'long' to 'unsigned char', possible loss of data
     1>..\..\..\klImageCoreV\kl_simd_jpeg.cpp(297): warning C4018: '<' : signed/unsigned mismatch
     1>..\..\..\klImageCoreV\kl_simd_jpeg.cpp(322): warning C4018: '<' : signed/unsigned mismatch
         k:\Program Files (x86)\Microsoft Visual Studio 10.0\VC\bin\x86_amd64\CL.exe /c /I"D:\klImaging\libjpeg-turbo\include" /Zi /nologo /W3 /WX- /O2 /Oi /GL /D WIN32 /D NDEBUG /D _CONSOLE /D _UNICODE /D UNICODE /Gm- /EHsc /MD /GS /Gy /fp:precise /Zc:wchar_t /Zc:forScope /Fo"x64\Release\\" /Fd"x64\Release\vc100.pdb" /Gd /TC /errorReport:prompt ..\..\doc\example.c
         example.c
     1>..\..\doc\example.c(132): warning C4996: 'fopen': This function or variable may be unsafe. Consider using fopen_s instead. To disable deprecation, use _CRT_SECURE_NO_WARNINGS. See online help for details.
                 k:\Program Files (x86)\Microsoft Visual Studio 10.0\VC\include\stdio.h(234) : see declaration of 'fopen'
     1>..\..\doc\example.c(320): warning C4996: 'fopen': This function or variable may be unsafe. Consider using fopen_s instead. To disable deprecation, use _CRT_SECURE_NO_WARNINGS. See online help for details.
                 k:\Program Files (x86)\Microsoft Visual Studio 10.0\VC\include\stdio.h(234) : see declaration of 'fopen'
     1>..\..\doc\example.c(471): warning C4996: 'fopen': This function or variable may be unsafe. Consider using fopen_s instead. To disable deprecation, use _CRT_SECURE_NO_WARNINGS. See online help for details.
                 k:\Program Files (x86)\Microsoft Visual Studio 10.0\VC\include\stdio.h(234) : see declaration of 'fopen'
     1>..\..\doc\example.c(523): warning C4996: 'fopen': This function or variable may be unsafe. Consider using fopen_s instead. To disable deprecation, use _CRT_SECURE_NO_WARNINGS. See online help for details.
                 k:\Program Files (x86)\Microsoft Visual Studio 10.0\VC\include\stdio.h(234) : see declaration of 'fopen'
       Link:
         k:\Program Files (x86)\Microsoft Visual Studio 10.0\VC\bin\x86_amd64\link.exe /ERRORREPORT:PROMPT /OUT:"K:\KL\klImaging\x64\Release\klJpegSIMD.exe" /INCREMENTAL:NO /NOLOGO kernel32.lib user32.lib gdi32.lib winspool.lib comdlg32.lib advapi32.lib shell32.lib ole32.lib oleaut32.lib uuid.lib odbc32.lib odbccp32.lib /MANIFEST /ManifestFile:"x64\Release\klJpegSIMD.exe.intermediate.manifest" /MANIFESTUAC:"level='asInvoker' uiAccess='false'" /DEBUG /PDB:"K:\KL\klImaging\x64\Release\klJpegSIMD.pdb" /SUBSYSTEM:CONSOLE /OPT:REF /OPT:ICF /LTCG /TLBID:1 /DYNAMICBASE /NXCOMPAT /IMPLIB:"K:\KL\klImaging\x64\Release\klJpegSIMD.lib" /MACHINE:X64 x64\Release\kl_simd_jpeg.obj
         x64\Release\example.obj
         "..\..\lib\jpeg-static.lib"
         ..\..\lib\jpeg.lib
         "..\..\lib\turbojpeg-static.lib"
         ..\..\lib\turbojpeg.lib
     1>example.obj : error LNK2001: unresolved external symbol jpeg_start_decompress
     1>example.obj : error LNK2001: unresolved external symbol jpeg_stdio_src
     1>example.obj : error LNK2001: unresolved external symbol jpeg_CreateDecompress
     1>example.obj : error LNK2001: unresolved external symbol jpeg_set_quality
     1>example.obj : error LNK2001: unresolved external symbol jpeg_destroy_decompress
     1>example.obj : error LNK2001: unresolved external symbol jpeg_CreateCompress
     1>example.obj : error LNK2001: unresolved external symbol jpeg_destroy_compress
     1>example.obj : error LNK2001: unresolved external symbol jpeg_read_header
     1>example.obj : error LNK2001: unresolved external symbol jpeg_write_scanlines
     1>example.obj : error LNK2001: unresolved external symbol jpeg_finish_compress
     1>example.obj : error LNK2001: unresolved external symbol jpeg_finish_decompress
     1>example.obj : error LNK2001: unresolved external symbol jpeg_start_compress
     1>example.obj : error LNK2001: unresolved external symbol jpeg_set_defaults
     1>example.obj : error LNK2001: unresolved external symbol jpeg_read_scanlines
     1>example.obj : error LNK2001: unresolved external symbol jpeg_stdio_dest
     1>example.obj : error LNK2001: unresolved external symbol jpeg_std_error
     1>K:\KL\klImaging\x64\Release\klJpegSIMD.exe : fatal error LNK1120: 16 unresolved externals
     1>Done Building Project "K:\KL\klImaging\libjpeg-turbo\klJpegSIMD\klJpegSIMD\klJpegSIMD.vcxproj" (build target(s)) -- FAILED.

Build FAILED.

Time Elapsed 00:00:19.48
