Build started 11/4/2013 4:04:45 PM.
     1>Project "K:\KL\klImaging\ipp-UIC.7.1.1.013\__cmake\uic.intel64.vc2010.s.mt\codec\image\jpeg\dec\jpeg_dec.vcxproj" on node 2 (build target(s)).
     1>PrepareForBuild:
         Creating directory "K:\KL\klImaging\ipp-UIC.7.1.1.013\__cmake\uic.intel64.vc2010.s.mt\__lib\debug\".
       InitializeBuildStatus:
         Creating "jpeg_dec.dir\debug\jpeg_dec.unsuccessfulbuild" because "AlwaysCreate" was specified.
       CustomBuild:
         Building Custom Rule K:/KL/klImaging/ipp-UIC.7.1.1.013/sources/uic/codec/image/jpeg/dec/CMakeLists.txt
         CMake does not need to re-run because K:\KL\klImaging\ipp-UIC.7.1.1.013\__cmake\uic.intel64.vc2010.s.mt\codec\image\jpeg\dec\CMakeFiles\generate.stamp is up-to-date.
       MakeDirsForCl:
         Creating directory "K:\KL\klImaging\ipp-UIC.7.1.1.013\__cmake\uic.intel64.vc2010.s.mt\codec\image\jpeg\dec\debug".
       ClCompile:
         k:\Program Files (x86)\Microsoft Visual Studio 10.0\VC\bin\x86_amd64\CL.exe /c /I"C:/Program Files (x86)/Intel/Composer XE 2011 SP1/ipp/include" /I"K:/KL/klImaging/ipp-UIC.7.1.1.013/sources/uic/codec/image/jpeg/common/include" /I"K:/KL/klImaging/ipp-UIC.7.1.1.013/sources/uic/codec/image/jpeg/dec/include" /I"K:/KL/klImaging/ipp-UIC.7.1.1.013/sources/uic/core/uic/include" /Zi /W3 /WX- /Od /D WIN32 /D _WINDOWS /D _DEBUG /D INTEL64 /D WINDOWS /D _SBCS /D WIN32 /D _WIN32 /D _WIN32_WINNT=0x501 /D WIN64 /D _WIN64 /D "CMAKE_INTDIR=\"debug\"" /Gm- /EHsc /MDd /GS /fp:fast /Zc:wchar_t /Zc:forScope /GR /openmp /Fo"jpeg_dec.dir\debug\\" /Fd"jpeg_dec.dir\debug\vc100.pdb" /Gd /TP /errorReport:prompt ..\..\..\..\..\..\sources\uic\codec\image\jpeg\dec\src\bitstreamin.cpp ..\..\..\..\..\..\sources\uic\codec\image\jpeg\dec\src\dechtbl.cpp ..\..\..\..\..\..\sources\uic\codec\image\jpeg\dec\src\decqtbl.cpp ..\..\..\..\..\..\sources\uic\codec\image\jpeg\dec\src\jpegdec.cpp ..\..\..\..\..\..\sources\uic\codec\image\jpeg\dec\src\jpegdecrst.cpp ..\..\..\..\..\..\sources\uic\codec\image\jpeg\dec\src\uic_jpeg_dec.cpp
         Microsoft (R) C/C++ Optimizing Compiler Version 16.00.40219.01 for x64
         Copyright (C) Microsoft Corporation.  All rights reserved.
         
         cl /c /I"C:/Program Files (x86)/Intel/Composer XE 2011 SP1/ipp/include" /I"K:/KL/klImaging/ipp-UIC.7.1.1.013/sources/uic/codec/image/jpeg/common/include" /I"K:/KL/klImaging/ipp-UIC.7.1.1.013/sources/uic/codec/image/jpeg/dec/include" /I"K:/KL/klImaging/ipp-UIC.7.1.1.013/sources/uic/core/uic/include" /Zi /W3 /WX- /Od /D WIN32 /D _WINDOWS /D _DEBUG /D INTEL64 /D WINDOWS /D _SBCS /D WIN32 /D _WIN32 /D _WIN32_WINNT=0x501 /D WIN64 /D _WIN64 /D "CMAKE_INTDIR=\"debug\"" /Gm- /EHsc /MDd /GS /fp:fast /Zc:wchar_t /Zc:forScope /GR /openmp /Fo"jpeg_dec.dir\debug\\" /Fd"jpeg_dec.dir\debug\vc100.pdb" /Gd /TP /errorReport:prompt ..\..\..\..\..\..\sources\uic\codec\image\jpeg\dec\src\bitstreamin.cpp ..\..\..\..\..\..\sources\uic\codec\image\jpeg\dec\src\dechtbl.cpp ..\..\..\..\..\..\sources\uic\codec\image\jpeg\dec\src\decqtbl.cpp ..\..\..\..\..\..\sources\uic\codec\image\jpeg\dec\src\jpegdec.cpp ..\..\..\..\..\..\sources\uic\codec\image\jpeg\dec\src\jpegdecrst.cpp ..\..\..\..\..\..\sources\uic\codec\image\jpeg\dec\src\uic_jpeg_dec.cpp
         
         bitstreamin.cpp
         dechtbl.cpp
         decqtbl.cpp
         jpegdec.cpp
         jpegdecrst.cpp
         uic_jpeg_dec.cpp
         Generating Code...
       Lib:
         k:\Program Files (x86)\Microsoft Visual Studio 10.0\VC\bin\x86_amd64\Lib.exe /OUT:"K:\KL\klImaging\ipp-UIC.7.1.1.013\__cmake\uic.intel64.vc2010.s.mt\__lib\debug\jpeg_dec.lib" /NOLOGO jpeg_dec.dir\debug\bitstreamin.obj
         jpeg_dec.dir\debug\dechtbl.obj
         jpeg_dec.dir\debug\decqtbl.obj
         jpeg_dec.dir\debug\jpegdec.obj
         jpeg_dec.dir\debug\jpegdecrst.obj
         jpeg_dec.dir\debug\uic_jpeg_dec.obj
         jpeg_dec.vcxproj -> K:\KL\klImaging\ipp-UIC.7.1.1.013\__cmake\uic.intel64.vc2010.s.mt\__lib\debug\jpeg_dec.lib
       FinalizeBuildStatus:
         Deleting file "jpeg_dec.dir\debug\jpeg_dec.unsuccessfulbuild".
         Touching "jpeg_dec.dir\debug\jpeg_dec.lastbuildstate".
     1>Done Building Project "K:\KL\klImaging\ipp-UIC.7.1.1.013\__cmake\uic.intel64.vc2010.s.mt\codec\image\jpeg\dec\jpeg_dec.vcxproj" (build target(s)).

Build succeeded.

Time Elapsed 00:00:02.19
