Build started 11/4/2013 4:04:47 PM.
     1>Project "K:\KL\klImaging\ipp-UIC.7.1.1.013\__cmake\uic.intel64.vc2010.s.mt\codec\image\jpegxr\common\jpegxr_common.vcxproj" on node 6 (build target(s)).
     1>InitializeBuildStatus:
         Creating "jpegxr_common.dir\debug\jpegxr_common.unsuccessfulbuild" because "AlwaysCreate" was specified.
       CustomBuild:
         Building Custom Rule K:/KL/klImaging/ipp-UIC.7.1.1.013/sources/uic/codec/image/jpegxr/common/CMakeLists.txt
         CMake does not need to re-run because K:\KL\klImaging\ipp-UIC.7.1.1.013\__cmake\uic.intel64.vc2010.s.mt\codec\image\jpegxr\common\CMakeFiles\generate.stamp is up-to-date.
       MakeDirsForCl:
         Creating directory "K:\KL\klImaging\ipp-UIC.7.1.1.013\__cmake\uic.intel64.vc2010.s.mt\codec\image\jpegxr\common\debug".
       ClCompile:
         k:\Program Files (x86)\Microsoft Visual Studio 10.0\VC\bin\x86_amd64\CL.exe /c /I"C:/Program Files (x86)/Intel/Composer XE 2011 SP1/ipp/include" /I"K:/KL/klImaging/ipp-UIC.7.1.1.013/sources/uic/codec/image/jpegxr/common/include" /Zi /W3 /WX- /Od /D WIN32 /D _WINDOWS /D _DEBUG /D INTEL64 /D WINDOWS /D _SBCS /D WIN32 /D _WIN32 /D _WIN32_WINNT=0x501 /D WIN64 /D _WIN64 /D "CMAKE_INTDIR=\"debug\"" /Gm- /MDd /GS /fp:fast /Zc:wchar_t /Zc:forScope /Fo"jpegxr_common.dir\debug\\" /Fd"jpegxr_common.dir\debug\vc100.pdb" /Gd /TC /Zl /errorReport:prompt ..\..\..\..\..\..\sources\uic\codec\image\jpegxr\common\src\pjxrfltfwd.c ..\..\..\..\..\..\sources\uic\codec\image\jpegxr\common\src\pjxrfltinv.c ..\..\..\..\..\..\sources\uic\codec\image\jpegxr\common\src\pjxrpctfwddc.c ..\..\..\..\..\..\sources\uic\codec\image\jpegxr\common\src\pjxrpctinvdc.c ..\..\..\..\..\..\sources\uic\codec\image\jpegxr\common\src\pjxrquant.c ..\..\..\..\..\..\sources\uic\codec\image\jpegxr\common\src\psjxrres.c
         Microsoft (R) C/C++ Optimizing Compiler Version 16.00.40219.01 for x64
         Copyright (C) Microsoft Corporation.  All rights reserved.
         
         cl /c /I"C:/Program Files (x86)/Intel/Composer XE 2011 SP1/ipp/include" /I"K:/KL/klImaging/ipp-UIC.7.1.1.013/sources/uic/codec/image/jpegxr/common/include" /Zi /W3 /WX- /Od /D WIN32 /D _WINDOWS /D _DEBUG /D INTEL64 /D WINDOWS /D _SBCS /D WIN32 /D _WIN32 /D _WIN32_WINNT=0x501 /D WIN64 /D _WIN64 /D "CMAKE_INTDIR=\"debug\"" /Gm- /MDd /GS /fp:fast /Zc:wchar_t /Zc:forScope /Fo"jpegxr_common.dir\debug\\" /Fd"jpegxr_common.dir\debug\vc100.pdb" /Gd /TC /Zl /errorReport:prompt ..\..\..\..\..\..\sources\uic\codec\image\jpegxr\common\src\pjxrfltfwd.c ..\..\..\..\..\..\sources\uic\codec\image\jpegxr\common\src\pjxrfltinv.c ..\..\..\..\..\..\sources\uic\codec\image\jpegxr\common\src\pjxrpctfwddc.c ..\..\..\..\..\..\sources\uic\codec\image\jpegxr\common\src\pjxrpctinvdc.c ..\..\..\..\..\..\sources\uic\codec\image\jpegxr\common\src\pjxrquant.c ..\..\..\..\..\..\sources\uic\codec\image\jpegxr\common\src\psjxrres.c
         
         pjxrfltfwd.c
         pjxrfltinv.c
         pjxrpctfwddc.c
         pjxrpctinvdc.c
         pjxrquant.c
         psjxrres.c
         Generating Code...
       Lib:
         k:\Program Files (x86)\Microsoft Visual Studio 10.0\VC\bin\x86_amd64\Lib.exe /OUT:"K:\KL\klImaging\ipp-UIC.7.1.1.013\__cmake\uic.intel64.vc2010.s.mt\__lib\debug\jpegxr_common.lib" /NOLOGO jpegxr_common.dir\debug\pjxrfltfwd.obj
         jpegxr_common.dir\debug\pjxrfltinv.obj
         jpegxr_common.dir\debug\pjxrpctfwddc.obj
         jpegxr_common.dir\debug\pjxrpctinvdc.obj
         jpegxr_common.dir\debug\pjxrquant.obj
         jpegxr_common.dir\debug\psjxrres.obj
         jpegxr_common.vcxproj -> K:\KL\klImaging\ipp-UIC.7.1.1.013\__cmake\uic.intel64.vc2010.s.mt\__lib\debug\jpegxr_common.lib
       FinalizeBuildStatus:
         Deleting file "jpegxr_common.dir\debug\jpegxr_common.unsuccessfulbuild".
         Touching "jpegxr_common.dir\debug\jpegxr_common.lastbuildstate".
     1>Done Building Project "K:\KL\klImaging\ipp-UIC.7.1.1.013\__cmake\uic.intel64.vc2010.s.mt\codec\image\jpegxr\common\jpegxr_common.vcxproj" (build target(s)).

Build succeeded.

Time Elapsed 00:00:00.90
