D:\KLIMAGECORE\TIFF-4.0.0BETA4\TIFF-4.0.0BETA4\LIBZ\RELEASE\ADLER32.OBJ
D:\klImageCore\tiff-4.0.0beta4\tiff-4.0.0beta4\libz\Release\cl.command.1.tlog
D:\klImageCore\tiff-4.0.0beta4\tiff-4.0.0beta4\libz\Release\CL.read.1.tlog
D:\klImageCore\tiff-4.0.0beta4\tiff-4.0.0beta4\libz\Release\CL.write.1.tlog
D:\KLIMAGECORE\TIFF-4.0.0BETA4\TIFF-4.0.0BETA4\LIBZ\RELEASE\COMPRESS.OBJ
D:\KLIMAGECORE\TIFF-4.0.0BETA4\TIFF-4.0.0BETA4\LIBZ\RELEASE\CRC32.OBJ
D:\KLIMAGECORE\TIFF-4.0.0BETA4\TIFF-4.0.0BETA4\LIBZ\RELEASE\DEFLATE.OBJ
D:\KLIMAGECORE\TIFF-4.0.0BETA4\TIFF-4.0.0BETA4\LIBZ\RELEASE\EXAMPLE.OBJ
D:\KLIMAGECORE\TIFF-4.0.0BETA4\TIFF-4.0.0BETA4\LIBZ\RELEASE\GZIO.OBJ
D:\KLIMAGECORE\TIFF-4.0.0BETA4\TIFF-4.0.0BETA4\LIBZ\RELEASE\INFBACK.OBJ
D:\KLIMAGECORE\TIFF-4.0.0BETA4\TIFF-4.0.0BETA4\LIBZ\RELEASE\INFFAST.OBJ
D:\KLIMAGECORE\TIFF-4.0.0BETA4\TIFF-4.0.0BETA4\LIBZ\RELEASE\INFLATE.OBJ
D:\KLIMAGECORE\TIFF-4.0.0BETA4\TIFF-4.0.0BETA4\LIBZ\RELEASE\INFTREES.OBJ
D:\klImageCore\tiff-4.0.0beta4\tiff-4.0.0beta4\libz\Release\lib.command.1.tlog
D:\klImageCore\tiff-4.0.0beta4\tiff-4.0.0beta4\libz\Release\Lib-link.read.1.tlog
D:\klImageCore\tiff-4.0.0beta4\tiff-4.0.0beta4\libz\Release\Lib-link.write.1.tlog
D:\klImageCore\tiff-4.0.0beta4\tiff-4.0.0beta4\libz\Release\libz.vcxprojResolveAssemblyReference.cache
D:\klImageCore\tiff-4.0.0beta4\tiff-4.0.0beta4\libz\Release\libz.write.1.tlog
D:\KLIMAGECORE\TIFF-4.0.0BETA4\TIFF-4.0.0BETA4\LIBZ\RELEASE\TREES.OBJ
D:\KLIMAGECORE\TIFF-4.0.0BETA4\TIFF-4.0.0BETA4\LIBZ\RELEASE\UNCOMPR.OBJ
D:\KLIMAGECORE\TIFF-4.0.0BETA4\TIFF-4.0.0BETA4\LIBZ\RELEASE\VC100.PDB
D:\KLIMAGECORE\TIFF-4.0.0BETA4\TIFF-4.0.0BETA4\LIBZ\RELEASE\ZUTIL.OBJ
D:\X64\RELEASE\LIBZ.LIB
