Build started 11/4/2013 4:04:45 PM.
     1>Project "K:\KL\klImaging\ipp-UIC.7.1.1.013\__cmake\uic.intel64.vc2010.s.mt\core\uic\core_uic.vcxproj" on node 9 (build target(s)).
     1>InitializeBuildStatus:
         Creating "core_uic.dir\debug\core_uic.unsuccessfulbuild" because "AlwaysCreate" was specified.
       CustomBuild:
         Building Custom Rule K:/KL/klImaging/ipp-UIC.7.1.1.013/sources/uic/core/uic/CMakeLists.txt
         CMake does not need to re-run because K:\KL\klImaging\ipp-UIC.7.1.1.013\__cmake\uic.intel64.vc2010.s.mt\core\uic\CMakeFiles\generate.stamp is up-to-date.
       MakeDirsForCl:
         Creating directory "K:\KL\klImaging\ipp-UIC.7.1.1.013\__cmake\uic.intel64.vc2010.s.mt\core\uic\debug".
       ClCompile:
         k:\Program Files (x86)\Microsoft Visual Studio 10.0\VC\bin\x86_amd64\CL.exe /c /I"C:/Program Files (x86)/Intel/Composer XE 2011 SP1/ipp/include" /I"K:/KL/klImaging/ipp-UIC.7.1.1.013/sources/uic/core/uic/include" /Zi /W3 /WX- /Od /D WIN32 /D _WINDOWS /D _DEBUG /D INTEL64 /D WINDOWS /D _SBCS /D WIN32 /D _WIN32 /D _WIN32_WINNT=0x501 /D WIN64 /D _WIN64 /D "CMAKE_INTDIR=\"debug\"" /Gm- /EHsc /MDd /GS /fp:fast /Zc:wchar_t /Zc:forScope /GR /Fo"core_uic.dir\debug\\" /Fd"core_uic.dir\debug\vc100.pdb" /Gd /TP /Zl /errorReport:prompt ..\..\..\..\sources\uic\core\uic\src\uic_image.cpp ..\..\..\..\sources\uic\core\uic\src\uic_image_converter.cpp ..\..\..\..\sources\uic\core\uic\src\uic_new.cpp
         Microsoft (R) C/C++ Optimizing Compiler Version 16.00.40219.01 for x64
         Copyright (C) Microsoft Corporation.  All rights reserved.
         
         cl /c /I"C:/Program Files (x86)/Intel/Composer XE 2011 SP1/ipp/include" /I"K:/KL/klImaging/ipp-UIC.7.1.1.013/sources/uic/core/uic/include" /Zi /W3 /WX- /Od /D WIN32 /D _WINDOWS /D _DEBUG /D INTEL64 /D WINDOWS /D _SBCS /D WIN32 /D _WIN32 /D _WIN32_WINNT=0x501 /D WIN64 /D _WIN64 /D "CMAKE_INTDIR=\"debug\"" /Gm- /EHsc /MDd /GS /fp:fast /Zc:wchar_t /Zc:forScope /GR /Fo"core_uic.dir\debug\\" /Fd"core_uic.dir\debug\vc100.pdb" /Gd /TP /Zl /errorReport:prompt ..\..\..\..\sources\uic\core\uic\src\uic_image.cpp ..\..\..\..\sources\uic\core\uic\src\uic_image_converter.cpp ..\..\..\..\sources\uic\core\uic\src\uic_new.cpp
         
         uic_image.cpp
         uic_image_converter.cpp
         uic_new.cpp
         Generating Code...
       Lib:
         k:\Program Files (x86)\Microsoft Visual Studio 10.0\VC\bin\x86_amd64\Lib.exe /OUT:"K:\KL\klImaging\ipp-UIC.7.1.1.013\__cmake\uic.intel64.vc2010.s.mt\__lib\debug\core_uic.lib" /NOLOGO core_uic.dir\debug\uic_image.obj
         core_uic.dir\debug\uic_image_converter.obj
         core_uic.dir\debug\uic_new.obj
         core_uic.vcxproj -> K:\KL\klImaging\ipp-UIC.7.1.1.013\__cmake\uic.intel64.vc2010.s.mt\__lib\debug\core_uic.lib
       FinalizeBuildStatus:
         Deleting file "core_uic.dir\debug\core_uic.unsuccessfulbuild".
         Touching "core_uic.dir\debug\core_uic.lastbuildstate".
     1>Done Building Project "K:\KL\klImaging\ipp-UIC.7.1.1.013\__cmake\uic.intel64.vc2010.s.mt\core\uic\core_uic.vcxproj" (build target(s)).

Build succeeded.

Time Elapsed 00:00:00.73
