D:\\x64\Release\libtiff.lib
D:\klImageCore\tiff-4.0.0beta4\tiff-4.0.0beta4\libtiff\x64\Release\cl.command.1.tlog
D:\klImageCore\tiff-4.0.0beta4\tiff-4.0.0beta4\libtiff\x64\Release\CL.read.1.tlog
D:\klImageCore\tiff-4.0.0beta4\tiff-4.0.0beta4\libtiff\x64\Release\CL.write.1.tlog
D:\klImageCore\tiff-4.0.0beta4\tiff-4.0.0beta4\libtiff\x64\Release\lib.command.1.tlog
D:\klImageCore\tiff-4.0.0beta4\tiff-4.0.0beta4\libtiff\x64\Release\Lib-link.read.1.tlog
D:\klImageCore\tiff-4.0.0beta4\tiff-4.0.0beta4\libtiff\x64\Release\Lib-link.write.1.tlog
D:\klImageCore\tiff-4.0.0beta4\tiff-4.0.0beta4\libtiff\x64\Release\libtiff.write.1.tlog
D:\klImageCore\tiff-4.0.0beta4\tiff-4.0.0beta4\libtiff\x64\Release\libTiffVC.vcxprojResolveAssemblyReference.cache
D:\KLIMAGECORE\TIFF-4.0.0BETA4\TIFF-4.0.0BETA4\LIBTIFF\X64\RELEASE\MKG3STATES.OBJ
D:\KLIMAGECORE\TIFF-4.0.0BETA4\TIFF-4.0.0BETA4\LIBTIFF\X64\RELEASE\TIF_AUX.OBJ
D:\KLIMAGECORE\TIFF-4.0.0BETA4\TIFF-4.0.0BETA4\LIBTIFF\X64\RELEASE\TIF_CLOSE.OBJ
D:\KLIMAGECORE\TIFF-4.0.0BETA4\TIFF-4.0.0BETA4\LIBTIFF\X64\RELEASE\TIF_CODEC.OBJ
D:\KLIMAGECORE\TIFF-4.0.0BETA4\TIFF-4.0.0BETA4\LIBTIFF\X64\RELEASE\TIF_COLOR.OBJ
D:\KLIMAGECORE\TIFF-4.0.0BETA4\TIFF-4.0.0BETA4\LIBTIFF\X64\RELEASE\TIF_COMPRESS.OBJ
D:\KLIMAGECORE\TIFF-4.0.0BETA4\TIFF-4.0.0BETA4\LIBTIFF\X64\RELEASE\TIF_DIR.OBJ
D:\KLIMAGECORE\TIFF-4.0.0BETA4\TIFF-4.0.0BETA4\LIBTIFF\X64\RELEASE\TIF_DIRINFO.OBJ
D:\KLIMAGECORE\TIFF-4.0.0BETA4\TIFF-4.0.0BETA4\LIBTIFF\X64\RELEASE\TIF_DIRREAD.OBJ
D:\KLIMAGECORE\TIFF-4.0.0BETA4\TIFF-4.0.0BETA4\LIBTIFF\X64\RELEASE\TIF_DIRWRITE.OBJ
D:\KLIMAGECORE\TIFF-4.0.0BETA4\TIFF-4.0.0BETA4\LIBTIFF\X64\RELEASE\TIF_DUMPMODE.OBJ
D:\KLIMAGECORE\TIFF-4.0.0BETA4\TIFF-4.0.0BETA4\LIBTIFF\X64\RELEASE\TIF_ERROR.OBJ
D:\KLIMAGECORE\TIFF-4.0.0BETA4\TIFF-4.0.0BETA4\LIBTIFF\X64\RELEASE\TIF_EXTENSION.OBJ
D:\KLIMAGECORE\TIFF-4.0.0BETA4\TIFF-4.0.0BETA4\LIBTIFF\X64\RELEASE\TIF_FAX3.OBJ
D:\KLIMAGECORE\TIFF-4.0.0BETA4\TIFF-4.0.0BETA4\LIBTIFF\X64\RELEASE\TIF_FAX3SM.OBJ
D:\KLIMAGECORE\TIFF-4.0.0BETA4\TIFF-4.0.0BETA4\LIBTIFF\X64\RELEASE\TIF_FLUSH.OBJ
D:\KLIMAGECORE\TIFF-4.0.0BETA4\TIFF-4.0.0BETA4\LIBTIFF\X64\RELEASE\TIF_GETIMAGE.OBJ
D:\KLIMAGECORE\TIFF-4.0.0BETA4\TIFF-4.0.0BETA4\LIBTIFF\X64\RELEASE\TIF_JBIG.OBJ
D:\KLIMAGECORE\TIFF-4.0.0BETA4\TIFF-4.0.0BETA4\LIBTIFF\X64\RELEASE\TIF_JPEG.OBJ
D:\KLIMAGECORE\TIFF-4.0.0BETA4\TIFF-4.0.0BETA4\LIBTIFF\X64\RELEASE\TIF_JPEG_12.OBJ
D:\KLIMAGECORE\TIFF-4.0.0BETA4\TIFF-4.0.0BETA4\LIBTIFF\X64\RELEASE\TIF_LUV.OBJ
D:\KLIMAGECORE\TIFF-4.0.0BETA4\TIFF-4.0.0BETA4\LIBTIFF\X64\RELEASE\TIF_LZW.OBJ
D:\KLIMAGECORE\TIFF-4.0.0BETA4\TIFF-4.0.0BETA4\LIBTIFF\X64\RELEASE\TIF_NEXT.OBJ
D:\KLIMAGECORE\TIFF-4.0.0BETA4\TIFF-4.0.0BETA4\LIBTIFF\X64\RELEASE\TIF_OJPEG.OBJ
D:\KLIMAGECORE\TIFF-4.0.0BETA4\TIFF-4.0.0BETA4\LIBTIFF\X64\RELEASE\TIF_OPEN.OBJ
D:\KLIMAGECORE\TIFF-4.0.0BETA4\TIFF-4.0.0BETA4\LIBTIFF\X64\RELEASE\TIF_PACKBITS.OBJ
D:\KLIMAGECORE\TIFF-4.0.0BETA4\TIFF-4.0.0BETA4\LIBTIFF\X64\RELEASE\TIF_PIXARLOG.OBJ
D:\KLIMAGECORE\TIFF-4.0.0BETA4\TIFF-4.0.0BETA4\LIBTIFF\X64\RELEASE\TIF_PREDICT.OBJ
D:\KLIMAGECORE\TIFF-4.0.0BETA4\TIFF-4.0.0BETA4\LIBTIFF\X64\RELEASE\TIF_PRINT.OBJ
D:\KLIMAGECORE\TIFF-4.0.0BETA4\TIFF-4.0.0BETA4\LIBTIFF\X64\RELEASE\TIF_READ.OBJ
D:\KLIMAGECORE\TIFF-4.0.0BETA4\TIFF-4.0.0BETA4\LIBTIFF\X64\RELEASE\TIF_STRIP.OBJ
D:\KLIMAGECORE\TIFF-4.0.0BETA4\TIFF-4.0.0BETA4\LIBTIFF\X64\RELEASE\TIF_SWAB.OBJ
D:\KLIMAGECORE\TIFF-4.0.0BETA4\TIFF-4.0.0BETA4\LIBTIFF\X64\RELEASE\TIF_THUNDER.OBJ
D:\KLIMAGECORE\TIFF-4.0.0BETA4\TIFF-4.0.0BETA4\LIBTIFF\X64\RELEASE\TIF_TILE.OBJ
D:\KLIMAGECORE\TIFF-4.0.0BETA4\TIFF-4.0.0BETA4\LIBTIFF\X64\RELEASE\TIF_VERSION.OBJ
D:\KLIMAGECORE\TIFF-4.0.0BETA4\TIFF-4.0.0BETA4\LIBTIFF\X64\RELEASE\TIF_WARNING.OBJ
D:\KLIMAGECORE\TIFF-4.0.0BETA4\TIFF-4.0.0BETA4\LIBTIFF\X64\RELEASE\TIF_WIN32.OBJ
D:\KLIMAGECORE\TIFF-4.0.0BETA4\TIFF-4.0.0BETA4\LIBTIFF\X64\RELEASE\TIF_WRITE.OBJ
D:\KLIMAGECORE\TIFF-4.0.0BETA4\TIFF-4.0.0BETA4\LIBTIFF\X64\RELEASE\TIF_ZIP.OBJ
D:\KLIMAGECORE\TIFF-4.0.0BETA4\TIFF-4.0.0BETA4\LIBTIFF\X64\RELEASE\VC100.PDB
D:\X64\RELEASE\LIBTIFF.LIB
