Build started 4/26/2014 4:01:49 PM.
     1>Project "D:\klImageCore\tiff-4.0.0beta4\tiff-4.0.0beta4\libz\libz.vcxproj" on node 3 (build target(s)).
     1>InitializeBuildStatus:
         Touching "Debug\libz.unsuccessfulbuild".
       ClCompile:
         C:\Program Files (x86)\Microsoft Visual Studio 10.0\VC\bin\x86_amd64\CL.exe /c /I"..\SampleICC-1.4.0\IccProfLib" /I..\CompositeLib\SVS_READ /I"..\Kakadu\Kakadu-6.1\include" /I"..\Kakadu\Kakadu-6.1\coresys" /I"..\tiff-4.0.0beta4\tiff-4.0.0beta4\libz\zlib123" /I"..\tiff-4.0.0beta4\tiff-4.0.0beta4\libjpeg\jpeg-6b" /I"..\tiff-4.0.0beta4\tiff-4.0.0beta4\libtiff" /Zi /nologo /W3 /WX- /Od /D _WIN64 /D _DEBUG /D _WINDOWS /D _VC80_UPGRADE=0x0600 /Gm- /EHsc /RTC1 /MDd /GS /fp:precise /Zc:wchar_t /Zc:forScope /Fo".\..\Debug/" /Fd".\..\Debug/vc100.pdb" /Gd /TC /errorReport:prompt zlib123\adler32.c zlib123\compress.c zlib123\crc32.c zlib123\deflate.c zlib123\example.c zlib123\gzio.c zlib123\infback.c zlib123\inffast.c zlib123\inflate.c zlib123\inftrees.c zlib123\trees.c zlib123\uncompr.c zlib123\zutil.c
         adler32.c
         compress.c
         crc32.c
         deflate.c
         example.c
     1>zlib123\example.c(69): warning C4996: 'strcpy': This function or variable may be unsafe. Consider using strcpy_s instead. To disable deprecation, use _CRT_SECURE_NO_WARNINGS. See online help for details.
                 C:\Program Files (x86)\Microsoft Visual Studio 10.0\VC\include\string.h(105) : see declaration of 'strcpy'
     1>zlib123\example.c(120): warning C4996: 'strcpy': This function or variable may be unsafe. Consider using strcpy_s instead. To disable deprecation, use _CRT_SECURE_NO_WARNINGS. See online help for details.
                 C:\Program Files (x86)\Microsoft Visual Studio 10.0\VC\include\string.h(105) : see declaration of 'strcpy'
     1>zlib123\example.c(214): warning C4996: 'strcpy': This function or variable may be unsafe. Consider using strcpy_s instead. To disable deprecation, use _CRT_SECURE_NO_WARNINGS. See online help for details.
                 C:\Program Files (x86)\Microsoft Visual Studio 10.0\VC\include\string.h(105) : see declaration of 'strcpy'
     1>zlib123\example.c(310): warning C4996: 'strcpy': This function or variable may be unsafe. Consider using strcpy_s instead. To disable deprecation, use _CRT_SECURE_NO_WARNINGS. See online help for details.
                 C:\Program Files (x86)\Microsoft Visual Studio 10.0\VC\include\string.h(105) : see declaration of 'strcpy'
     1>zlib123\example.c(389): warning C4996: 'strcpy': This function or variable may be unsafe. Consider using strcpy_s instead. To disable deprecation, use _CRT_SECURE_NO_WARNINGS. See online help for details.
                 C:\Program Files (x86)\Microsoft Visual Studio 10.0\VC\include\string.h(105) : see declaration of 'strcpy'
     1>zlib123\example.c(470): warning C4996: 'strcpy': This function or variable may be unsafe. Consider using strcpy_s instead. To disable deprecation, use _CRT_SECURE_NO_WARNINGS. See online help for details.
                 C:\Program Files (x86)\Microsoft Visual Studio 10.0\VC\include\string.h(105) : see declaration of 'strcpy'
         gzio.c
     1>zlib123\gzio.c(131): warning C4996: 'strcpy': This function or variable may be unsafe. Consider using strcpy_s instead. To disable deprecation, use _CRT_SECURE_NO_WARNINGS. See online help for details.
                 C:\Program Files (x86)\Microsoft Visual Studio 10.0\VC\include\string.h(105) : see declaration of 'strcpy'
     1>zlib123\gzio.c(181): warning C4996: 'fopen': This function or variable may be unsafe. Consider using fopen_s instead. To disable deprecation, use _CRT_SECURE_NO_WARNINGS. See online help for details.
                 C:\Program Files (x86)\Microsoft Visual Studio 10.0\VC\include\stdio.h(234) : see declaration of 'fopen'
     1>zlib123\gzio.c(226): warning C4996: 'sprintf': This function or variable may be unsafe. Consider using sprintf_s instead. To disable deprecation, use _CRT_SECURE_NO_WARNINGS. See online help for details.
                 C:\Program Files (x86)\Microsoft Visual Studio 10.0\VC\include\stdio.h(371) : see declaration of 'sprintf'
     1>zlib123\gzio.c(627): warning C4996: '_vsnprintf': This function or variable may be unsafe. Consider using _vsnprintf_s instead. To disable deprecation, use _CRT_SECURE_NO_WARNINGS. See online help for details.
                 C:\Program Files (x86)\Microsoft Visual Studio 10.0\VC\include\stdio.h(363) : see declaration of '_vsnprintf'
     1>zlib123\gzio.c(1001): warning C4996: 'strerror': This function or variable may be unsafe. Consider using strerror_s instead. To disable deprecation, use _CRT_SECURE_NO_WARNINGS. See online help for details.
                 C:\Program Files (x86)\Microsoft Visual Studio 10.0\VC\include\string.h(157) : see declaration of 'strerror'
     1>zlib123\gzio.c(1008): warning C4996: 'strcpy': This function or variable may be unsafe. Consider using strcpy_s instead. To disable deprecation, use _CRT_SECURE_NO_WARNINGS. See online help for details.
                 C:\Program Files (x86)\Microsoft Visual Studio 10.0\VC\include\string.h(105) : see declaration of 'strcpy'
     1>zlib123\gzio.c(1009): warning C4996: 'strcat': This function or variable may be unsafe. Consider using strcat_s instead. To disable deprecation, use _CRT_SECURE_NO_WARNINGS. See online help for details.
                 C:\Program Files (x86)\Microsoft Visual Studio 10.0\VC\include\string.h(110) : see declaration of 'strcat'
     1>zlib123\gzio.c(1010): warning C4996: 'strcat': This function or variable may be unsafe. Consider using strcat_s instead. To disable deprecation, use _CRT_SECURE_NO_WARNINGS. See online help for details.
                 C:\Program Files (x86)\Microsoft Visual Studio 10.0\VC\include\string.h(110) : see declaration of 'strcat'
         infback.c
         inffast.c
         inflate.c
         inftrees.c
         trees.c
         uncompr.c
         zutil.c
         Generating Code...
       Lib:
         C:\Program Files (x86)\Microsoft Visual Studio 10.0\VC\bin\x86_amd64\Lib.exe /OUT:"D:\x64\Debug\libz.lib" /NOLOGO .\..\Debug/adler32.obj
         .\..\Debug/compress.obj
         .\..\Debug/crc32.obj
         .\..\Debug/deflate.obj
         .\..\Debug/example.obj
         .\..\Debug/gzio.obj
         .\..\Debug/infback.obj
         .\..\Debug/inffast.obj
         .\..\Debug/inflate.obj
         .\..\Debug/inftrees.obj
         .\..\Debug/trees.obj
         .\..\Debug/uncompr.obj
         .\..\Debug/zutil.obj
         libz.vcxproj -> D:\x64\Debug\libz.lib
       FinalizeBuildStatus:
         Deleting file "Debug\libz.unsuccessfulbuild".
         Touching "Debug\libz.lastbuildstate".
     1>Done Building Project "D:\klImageCore\tiff-4.0.0beta4\tiff-4.0.0beta4\libz\libz.vcxproj" (build target(s)).

Build succeeded.

Time Elapsed 00:00:01.85
