D:\klImageCore\SampleICC-1.4.0\IccProfLib\ICC_VCBuild\x64\Release\cl.command.1.tlog
D:\klImageCore\SampleICC-1.4.0\IccProfLib\ICC_VCBuild\x64\Release\CL.read.1.tlog
D:\klImageCore\SampleICC-1.4.0\IccProfLib\ICC_VCBuild\x64\Release\CL.write.1.tlog
D:\klImageCore\SampleICC-1.4.0\IccProfLib\ICC_VCBuild\x64\Release\ICC.write.1.tlog
D:\klImageCore\SampleICC-1.4.0\IccProfLib\ICC_VCBuild\x64\Release\ICC_VCBuild.vcxprojResolveAssemblyReference.cache
D:\KLIMAGECORE\SAMPLEICC-1.4.0\ICCPROFLIB\ICC_VCBUILD\X64\RELEASE\ICCAPPLYBPC.OBJ
D:\KLIMAGECORE\SAMPLEICC-1.4.0\ICCPROFLIB\ICC_VCBUILD\X64\RELEASE\ICCAPPLYPROFILES.OBJ
D:\KLIMAGECORE\SAMPLEICC-1.4.0\ICCPROFLIB\ICC_VCBUILD\X64\RELEASE\ICCCMM.OBJ
D:\KLIMAGECORE\SAMPLEICC-1.4.0\ICCPROFLIB\ICC_VCBUILD\X64\RELEASE\ICCDUMPPROFILE.OBJ
D:\KLIMAGECORE\SAMPLEICC-1.4.0\ICCPROFLIB\ICC_VCBUILD\X64\RELEASE\ICCEVAL.OBJ
D:\KLIMAGECORE\SAMPLEICC-1.4.0\ICCPROFLIB\ICC_VCBUILD\X64\RELEASE\ICCIO.OBJ
D:\KLIMAGECORE\SAMPLEICC-1.4.0\ICCPROFLIB\ICC_VCBUILD\X64\RELEASE\ICCMPEACS.OBJ
D:\KLIMAGECORE\SAMPLEICC-1.4.0\ICCPROFLIB\ICC_VCBUILD\X64\RELEASE\ICCMPEBASIC.OBJ
D:\KLIMAGECORE\SAMPLEICC-1.4.0\ICCPROFLIB\ICC_VCBUILD\X64\RELEASE\ICCMPEFACTORY.OBJ
D:\KLIMAGECORE\SAMPLEICC-1.4.0\ICCPROFLIB\ICC_VCBUILD\X64\RELEASE\ICCPRMG.OBJ
D:\KLIMAGECORE\SAMPLEICC-1.4.0\ICCPROFLIB\ICC_VCBUILD\X64\RELEASE\ICCPROFILE.OBJ
D:\KLIMAGECORE\SAMPLEICC-1.4.0\ICCPROFLIB\ICC_VCBUILD\X64\RELEASE\ICCTAGBASIC.OBJ
D:\KLIMAGECORE\SAMPLEICC-1.4.0\ICCPROFLIB\ICC_VCBUILD\X64\RELEASE\ICCTAGFACTORY.OBJ
D:\KLIMAGECORE\SAMPLEICC-1.4.0\ICCPROFLIB\ICC_VCBUILD\X64\RELEASE\ICCTAGLUT.OBJ
D:\KLIMAGECORE\SAMPLEICC-1.4.0\ICCPROFLIB\ICC_VCBUILD\X64\RELEASE\ICCTAGMPE.OBJ
D:\KLIMAGECORE\SAMPLEICC-1.4.0\ICCPROFLIB\ICC_VCBUILD\X64\RELEASE\ICCTAGPROFSEQID.OBJ
D:\KLIMAGECORE\SAMPLEICC-1.4.0\ICCPROFLIB\ICC_VCBUILD\X64\RELEASE\ICCUTIL.OBJ
D:\KLIMAGECORE\SAMPLEICC-1.4.0\ICCPROFLIB\ICC_VCBUILD\X64\RELEASE\ICCXFORMFACTORY.OBJ
D:\klImageCore\SampleICC-1.4.0\IccProfLib\ICC_VCBuild\x64\Release\lib.command.1.tlog
D:\klImageCore\SampleICC-1.4.0\IccProfLib\ICC_VCBuild\x64\Release\Lib-link.read.1.tlog
D:\klImageCore\SampleICC-1.4.0\IccProfLib\ICC_VCBuild\x64\Release\Lib-link.write.1.tlog
D:\KLIMAGECORE\SAMPLEICC-1.4.0\ICCPROFLIB\ICC_VCBUILD\X64\RELEASE\MD5.OBJ
D:\KLIMAGECORE\SAMPLEICC-1.4.0\ICCPROFLIB\ICC_VCBUILD\X64\RELEASE\TIFFIMG.OBJ
D:\KLIMAGECORE\SAMPLEICC-1.4.0\ICCPROFLIB\ICC_VCBUILD\X64\RELEASE\VC100.PDB
D:\X64\RELEASE\ICC.LIB
